2025-01-26 19:36:06 INFO  [DefaultDispatcher-worker-1] c.t.services.ZFrontierCheckerService - zf page loaded!
2025-01-26 19:36:06 INFO  [DefaultDispatcher-worker-1] c.t.services.ZFrontierCheckerService - navigating to google.com
2025-01-26 19:36:08 INFO  [DefaultDispatcher-worker-1] c.t.services.ZFrontierCheckerService - main function receiver answer from ZF
2025-01-26 19:36:09 DEBUG [DefaultDispatcher-worker-1] org.ktorm.database - SQL: select news.id as news_id, news."name" as news_name, news.originalname as news_originalname, news.source_id as news_source_id, news.link as news_link, news."timestamp" as news_timestamp, _ref0.id as _ref0_id, _ref0."name" as _ref0_name from news left join newssource as _ref0 on news.source_id = _ref0.id where (news.originalname = ?) and (news.source_id = ?) limit ? 
2025-01-26 19:36:09 DEBUG [DefaultDispatcher-worker-1] org.ktorm.database - Parameters: [[IC] ASCII-F | 致敬经典 | 65 + Pad | PCB TOP(text), 2(int), 1(int)]
2025-01-26 19:36:09 DEBUG [DefaultDispatcher-worker-1] org.ktorm.database - Results: 0
2025-01-26 19:36:09 DEBUG [DefaultDispatcher-worker-1] org.ktorm.database - SQL: select news.id as news_id, news."name" as news_name, news.originalname as news_originalname, news.source_id as news_source_id, news.link as news_link, news."timestamp" as news_timestamp, _ref0.id as _ref0_id, _ref0."name" as _ref0_name from news left join newssource as _ref0 on news.source_id = _ref0.id where news.link = ? limit ? 
2025-01-26 19:36:09 DEBUG [DefaultDispatcher-worker-1] org.ktorm.database - Parameters: [https://www.zfrontier.com/app/flow/PGzMBrXAaxEJ(text), 1(int)]
2025-01-26 19:36:09 DEBUG [DefaultDispatcher-worker-1] org.ktorm.database - Results: 0
2025-01-26 19:36:09 INFO  [DefaultDispatcher-worker-1] c.t.services.ZFrontierCheckerService - passed https://www.zfrontier.com/app/flow/PGzMBrXAaxEJhttps://www.zfrontier.com/app/flow/PGzMBrXAaxEJ
2025-01-26 19:36:09 TRACE [DefaultDispatcher-worker-1] i.k.c.p.c.ContentNegotiation - Adding Accept=application header for https://ftapi.pythonanywhere.com/translate?dl=en&text=%5BIC%5D+ASCII-F+%7C+%E8%87%B4%E6%95%AC%E7%BB%8F%E5%85%B8+%7C+65+%2B+Pad+%7C+PCB+TOP
2025-01-26 19:36:09 TRACE [DefaultDispatcher-worker-1] i.k.c.p.c.ContentNegotiation - Adding Accept=application header for https://ftapi.pythonanywhere.com/translate?dl=en&text=%5BIC%5D+ASCII-F+%7C+%E8%87%B4%E6%95%AC%E7%BB%8F%E5%85%B8+%7C+65+%2B+Pad+%7C+PCB+TOP
2025-01-26 19:36:09 TRACE [DefaultDispatcher-worker-1] i.k.c.p.c.ContentNegotiation - Body type class io.ktor.client.utils.EmptyContent is in ignored types. Skipping ContentNegotiation for https://ftapi.pythonanywhere.com/translate?dl=en&text=%5BIC%5D+ASCII-F+%7C+%E8%87%B4%E6%95%AC%E7%BB%8F%E5%85%B8+%7C+65+%2B+Pad+%7C+PCB+TOP.
2025-01-26 19:36:09 TRACE [DefaultDispatcher-worker-1] i.ktor.client.plugins.HttpPlainText - Adding Accept-Charset=UTF-8 to https://ftapi.pythonanywhere.com/translate?dl=en&text=%5BIC%5D+ASCII-F+%7C+%E8%87%B4%E6%95%AC%E7%BB%8F%E5%85%B8+%7C+65+%2B+Pad+%7C+PCB+TOP
2025-01-26 19:36:09 INFO  [DefaultDispatcher-worker-3] io.ktor.client.HttpClient - REQUEST: https://ftapi.pythonanywhere.com/translate?dl=en&text=%5BIC%5D+ASCII-F+%7C+%E8%87%B4%E6%95%AC%E7%BB%8F%E5%85%B8+%7C+65+%2B+Pad+%7C+PCB+TOP
METHOD: HttpMethod(value=GET)
BODY Content-Type: null
BODY START

BODY END
2025-01-26 19:36:14 TRACE [DefaultDispatcher-worker-2] i.k.client.plugins.HttpCallValidator - Validating response for request https://ftapi.pythonanywhere.com/translate?dl=en&text=%5BIC%5D+ASCII-F+%7C+%E8%87%B4%E6%95%AC%E7%BB%8F%E5%85%B8+%7C+65+%2B+Pad+%7C+PCB+TOP
2025-01-26 19:36:14 TRACE [DefaultDispatcher-worker-2] i.k.c.p.DefaultResponseValidation - Skipping default response validation for https://ftapi.pythonanywhere.com/translate?dl=en&text=%5BIC%5D+ASCII-F+%7C+%E8%87%B4%E6%95%AC%E7%BB%8F%E5%85%B8+%7C+65+%2B+Pad+%7C+PCB+TOP
2025-01-26 19:36:14 INFO  [DefaultDispatcher-worker-1] io.ktor.client.HttpClient - RESPONSE: 200 OK
METHOD: HttpMethod(value=GET)
FROM: https://ftapi.pythonanywhere.com/translate?dl=en&text=%5BIC%5D+ASCII-F+%7C+%E8%87%B4%E6%95%AC%E7%BB%8F%E5%85%B8+%7C+65+%2B+Pad+%7C+PCB+TOP
BODY Content-Type: application/json
BODY START
{"source-language": "zh-CN", "source-text": "[IC] ASCII-F | \u81f4\u656c\u7ecf\u5178 | 65 + Pad | PCB TOP", "destination-language": "en", "destination-text": "[IC] ASCII-F | Tribute to Classic | 65 + PAD | PCB TOP", "pronunciation": {"source-text-phonetic": "[IC] ASCII-F | zh\u00ecj\u00ecng j\u012bngdi\u01cen | 65 + Pad | PCB TOP", "source-text-audio": "https://translate.google.com/translate_tts?ie=UTF-&&client=tw-ob&tl=zh-CN&q=[IC]%20ASCII-F%20|%20\u81f4\u656c\u7ecf\u5178%20|%2065%20+%20Pad%20|%20PCB%20TOP", "destination-text-audio": "https://translate.google.com/translate_tts?ie=UTF-&&client=tw-ob&tl=en&q=[IC]%20ASCII-F%20|%20Tribute%20to%20Classic%20|%2065%20+%20PAD%20|%20PCB%20TOP"}, "translations": {"all-translations": null, "possible-translations": ["[IC] ASCII-F | Tribute to Classic | 65 + PAD | PCB TOP", "[IC] ASCII-F | Tribute to the classic | 65 + pad | PCB top"], "possible-mistakes": null}, "definitions": null, "see-also": null}
BODY END
2025-01-26 19:36:14 TRACE [DefaultDispatcher-worker-5] i.k.c.plugins.defaultTransformers - Transformed with default transformers response body for https://ftapi.pythonanywhere.com/translate?dl=en&text=%5BIC%5D+ASCII-F+%7C+%E8%87%B4%E6%95%AC%E7%BB%8F%E5%85%B8+%7C+65+%2B+Pad+%7C+PCB+TOP to class kotlinx.io.Source
2025-01-26 19:36:14 INFO  [DefaultDispatcher-worker-5] c.t.services.ZFrontierCheckerService - [IC] ASCII-F | 致敬经典 | 65 + Pad | PCB TOP - https://www.zfrontier.com/app/flow/PGzMBrXAaxEJ - 2025.01.26 15:36 UTC+3
2025-01-26 19:36:24 INFO  [DefaultDispatcher-worker-4] c.t.services.ZFrontierCheckerService - request body: MediaGroupRequest(chat_id=@TopreThoc, media=[MediaItem(type=photo, media=https://img.zfrontier.com/post/FsHUacJFRrgOOlR898MQcHs-5Da4.jpg-cover360.webp, caption=[ZF] [IC] ASCII-F | Tribute to Classic | 65 + PAD | PCB TOP - https://www.zfrontier.com/app/flow/PGzMBrXAaxEJ), MediaItem(type=photo, media=https://img.zfrontier.com/post/FvcQhFCqZ3-HmL_6W-w5JRmbkdKJ.jpg-cover360.webp, caption=), MediaItem(type=photo, media=https://img.zfrontier.com/post/FmUUYWhTAuJj3TXkpdl_aSjeVEU7.jpg-cover360.webp, caption=)])
2025-01-26 19:36:24 TRACE [DefaultDispatcher-worker-4] i.k.c.p.c.ContentNegotiation - Adding Accept=application header for https://api.telegram.org/bot7806136583:AAFZTO7ufHr6CUasULRAkCosEz-43lnOXnQ/sendMediaGroup
2025-01-26 19:36:24 TRACE [DefaultDispatcher-worker-4] i.k.c.p.c.ContentNegotiation - Adding Accept=application header for https://api.telegram.org/bot7806136583:AAFZTO7ufHr6CUasULRAkCosEz-43lnOXnQ/sendMediaGroup
2025-01-26 19:36:24 TRACE [DefaultDispatcher-worker-4] i.k.c.p.c.ContentNegotiation - Converted request body using io.ktor.serialization.kotlinx.KotlinxSerializationConverter@7463fac3 for https://api.telegram.org/bot7806136583:AAFZTO7ufHr6CUasULRAkCosEz-43lnOXnQ/sendMediaGroup
2025-01-26 19:36:24 TRACE [DefaultDispatcher-worker-4] i.ktor.client.plugins.HttpPlainText - Adding Accept-Charset=UTF-8 to https://api.telegram.org/bot7806136583:AAFZTO7ufHr6CUasULRAkCosEz-43lnOXnQ/sendMediaGroup
2025-01-26 19:36:24 TRACE [DefaultDispatcher-worker-4] i.k.c.plugins.defaultTransformers - Transformed with default transformers request body for https://api.telegram.org/bot7806136583:AAFZTO7ufHr6CUasULRAkCosEz-43lnOXnQ/sendMediaGroup from class io.ktor.http.content.TextContent
2025-01-26 19:36:24 INFO  [DefaultDispatcher-worker-2] io.ktor.client.HttpClient - REQUEST: https://api.telegram.org/bot7806136583:AAFZTO7ufHr6CUasULRAkCosEz-43lnOXnQ/sendMediaGroup
METHOD: HttpMethod(value=POST)
BODY Content-Type: application/json
BODY START
{"chat_id":"@TopreThoc","media":[{"type":"photo","media":"https://img.zfrontier.com/post/FsHUacJFRrgOOlR898MQcHs-5Da4.jpg-cover360.webp","caption":"[ZF] [IC] ASCII-F | Tribute to Classic | 65 + PAD | PCB TOP - https://www.zfrontier.com/app/flow/PGzMBrXAaxEJ"},{"type":"photo","media":"https://img.zfrontier.com/post/FvcQhFCqZ3-HmL_6W-w5JRmbkdKJ.jpg-cover360.webp","caption":""},{"type":"photo","media":"https://img.zfrontier.com/post/FmUUYWhTAuJj3TXkpdl_aSjeVEU7.jpg-cover360.webp","caption":""}]}
BODY END
2025-01-26 19:36:26 TRACE [DefaultDispatcher-worker-5] i.k.client.plugins.HttpCallValidator - Validating response for request https://api.telegram.org/bot7806136583:AAFZTO7ufHr6CUasULRAkCosEz-43lnOXnQ/sendMediaGroup
2025-01-26 19:36:26 TRACE [DefaultDispatcher-worker-5] i.k.c.p.DefaultResponseValidation - Skipping default response validation for https://api.telegram.org/bot7806136583:AAFZTO7ufHr6CUasULRAkCosEz-43lnOXnQ/sendMediaGroup
2025-01-26 19:36:26 INFO  [DefaultDispatcher-worker-6] io.ktor.client.HttpClient - RESPONSE: 200 OK
METHOD: HttpMethod(value=POST)
FROM: https://api.telegram.org/bot7806136583:AAFZTO7ufHr6CUasULRAkCosEz-43lnOXnQ/sendMediaGroup
BODY Content-Type: application/json
BODY START
{"ok":true,"result":[{"message_id":1319,"sender_chat":{"id":-1002295418276,"title":"Thocc News","username":"TopreThoc","type":"channel"},"chat":{"id":-1002295418276,"title":"Thocc News","username":"TopreThoc","type":"channel"},"date":1737909387,"media_group_id":"13903275097577658","photo":[{"file_id":"AgACAgQAAxUHZ5Zkixufj-xQ8Xz59CGuim_UdmgAAp62MRvheL1QRB-trVRGhBMBAAMCAANzAAM2BA","file_unique_id":"AQADnrYxG-F4vVB4","file_size":1123,"width":90,"height":60},{"file_id":"AgACAgQAAxUHZ5Zkixufj-xQ8Xz59CGuim_UdmgAAp62MRvheL1QRB-trVRGhBMBAAMCAANtAAM2BA","file_unique_id":"AQADnrYxG-F4vVBy","file_size":13417,"width":320,"height":213},{"file_id":"AgACAgQAAxUHZ5Zkixufj-xQ8Xz59CGuim_UdmgAAp62MRvheL1QRB-trVRGhBMBAAMCAAN4AAM2BA","file_unique_id":"AQADnrYxG-F4vVB9","file_size":15036,"width":360,"height":240}],"caption":"[ZF] [IC] ASCII-F | Tribute to Classic | 65 + PAD | PCB TOP - https://www.zfrontier.com/app/flow/PGzMBrXAaxEJ","caption_entities":[{"offset":62,"length":47,"type":"url"}]},{"message_id":1320,"sender_chat":{"id":-1002295418276,"title":"Thocc News","username":"TopreThoc","type":"channel"},"chat":{"id":-1002295418276,"title":"Thocc News","username":"TopreThoc","type":"channel"},"date":1737909387,"media_group_id":"13903275097577658","photo":[{"file_id":"AgACAgQAAxUHZ5Zkie5J9AEyXPWrqTu5xv_npYYAAsG2MRvGp7xQahTtjfy_yCYBAAMCAANzAAM2BA","file_unique_id":"AQADwbYxG8anvFB4","file_size":949,"width":60,"height":90},{"file_id":"AgACAgQAAxUHZ5Zkie5J9AEyXPWrqTu5xv_npYYAAsG2MRvGp7xQahTtjfy_yCYBAAMCAANtAAM2BA","file_unique_id":"AQADwbYxG8anvFBy","file_size":8455,"width":213,"height":320},{"file_id":"AgACAgQAAxUHZ5Zkie5J9AEyXPWrqTu5xv_npYYAAsG2MRvGp7xQahTtjfy_yCYBAAMCAAN4AAM2BA","file_unique_id":"AQADwbYxG8anvFB9","file_size":17603,"width":360,"height":540}]},{"message_id":1321,"sender_chat":{"id":-1002295418276,"title":"Thocc News","username":"TopreThoc","type":"channel"},"chat":{"id":-1002295418276,"title":"Thocc News","username":"TopreThoc","type":"channel"},"date":1737909387,"media_group_id":"13903275097577658","photo":[{"file_id":"AgACAgQAAxUHZ5ZkimBsj_8-LsdiErwH6568HvAAAvq2MRtHlrRQ8zUhBVjIz4wBAAMCAANzAAM2BA","file_unique_id":"AQAD-rYxG0eWtFB4","file_size":976,"width":90,"height":60},{"file_id":"AgACAgQAAxUHZ5ZkimBsj_8-LsdiErwH6568HvAAAvq2MRtHlrRQ8zUhBVjIz4wBAAMCAANtAAM2BA","file_unique_id":"AQAD-rYxG0eWtFBy","file_size":8958,"width":320,"height":213},{"file_id":"AgACAgQAAxUHZ5ZkimBsj_8-LsdiErwH6568HvAAAvq2MRtHlrRQ8zUhBVjIz4wBAAMCAAN4AAM2BA","file_unique_id":"AQAD-rYxG0eWtFB9","file_size":10020,"width":360,"height":240}]}]}
BODY END
2025-01-26 19:36:26 TRACE [DefaultDispatcher-worker-6] i.k.c.plugins.defaultTransformers - Transformed with default transformers response body for https://api.telegram.org/bot7806136583:AAFZTO7ufHr6CUasULRAkCosEz-43lnOXnQ/sendMediaGroup to class kotlinx.io.Source
2025-01-26 19:36:26 INFO  [DefaultDispatcher-worker-6] c.t.services.ZFrontierCheckerService - {"ok":true,"result":[{"message_id":1319,"sender_chat":{"id":-1002295418276,"title":"Thocc News","username":"TopreThoc","type":"channel"},"chat":{"id":-1002295418276,"title":"Thocc News","username":"TopreThoc","type":"channel"},"date":1737909387,"media_group_id":"13903275097577658","photo":[{"file_id":"AgACAgQAAxUHZ5Zkixufj-xQ8Xz59CGuim_UdmgAAp62MRvheL1QRB-trVRGhBMBAAMCAANzAAM2BA","file_unique_id":"AQADnrYxG-F4vVB4","file_size":1123,"width":90,"height":60},{"file_id":"AgACAgQAAxUHZ5Zkixufj-xQ8Xz59CGuim_UdmgAAp62MRvheL1QRB-trVRGhBMBAAMCAANtAAM2BA","file_unique_id":"AQADnrYxG-F4vVBy","file_size":13417,"width":320,"height":213},{"file_id":"AgACAgQAAxUHZ5Zkixufj-xQ8Xz59CGuim_UdmgAAp62MRvheL1QRB-trVRGhBMBAAMCAAN4AAM2BA","file_unique_id":"AQADnrYxG-F4vVB9","file_size":15036,"width":360,"height":240}],"caption":"[ZF] [IC] ASCII-F | Tribute to Classic | 65 + PAD | PCB TOP - https://www.zfrontier.com/app/flow/PGzMBrXAaxEJ","caption_entities":[{"offset":62,"length":47,"type":"url"}]},{"message_id":1320,"sender_chat":{"id":-1002295418276,"title":"Thocc News","username":"TopreThoc","type":"channel"},"chat":{"id":-1002295418276,"title":"Thocc News","username":"TopreThoc","type":"channel"},"date":1737909387,"media_group_id":"13903275097577658","photo":[{"file_id":"AgACAgQAAxUHZ5Zkie5J9AEyXPWrqTu5xv_npYYAAsG2MRvGp7xQahTtjfy_yCYBAAMCAANzAAM2BA","file_unique_id":"AQADwbYxG8anvFB4","file_size":949,"width":60,"height":90},{"file_id":"AgACAgQAAxUHZ5Zkie5J9AEyXPWrqTu5xv_npYYAAsG2MRvGp7xQahTtjfy_yCYBAAMCAANtAAM2BA","file_unique_id":"AQADwbYxG8anvFBy","file_size":8455,"width":213,"height":320},{"file_id":"AgACAgQAAxUHZ5Zkie5J9AEyXPWrqTu5xv_npYYAAsG2MRvGp7xQahTtjfy_yCYBAAMCAAN4AAM2BA","file_unique_id":"AQADwbYxG8anvFB9","file_size":17603,"width":360,"height":540}]},{"message_id":1321,"sender_chat":{"id":-1002295418276,"title":"Thocc News","username":"TopreThoc","type":"channel"},"chat":{"id":-1002295418276,"title":"Thocc News","username":"TopreThoc","type":"channel"},"date":1737909387,"media_group_id":"13903275097577658","photo":[{"file_id":"AgACAgQAAxUHZ5ZkimBsj_8-LsdiErwH6568HvAAAvq2MRtHlrRQ8zUhBVjIz4wBAAMCAANzAAM2BA","file_unique_id":"AQAD-rYxG0eWtFB4","file_size":976,"width":90,"height":60},{"file_id":"AgACAgQAAxUHZ5ZkimBsj_8-LsdiErwH6568HvAAAvq2MRtHlrRQ8zUhBVjIz4wBAAMCAANtAAM2BA","file_unique_id":"AQAD-rYxG0eWtFBy","file_size":8958,"width":320,"height":213},{"file_id":"AgACAgQAAxUHZ5ZkimBsj_8-LsdiErwH6568HvAAAvq2MRtHlrRQ8zUhBVjIz4wBAAMCAAN4AAM2BA","file_unique_id":"AQAD-rYxG0eWtFB9","file_size":10020,"width":360,"height":240}]}]}
2025-01-26 19:36:26 DEBUG [DefaultDispatcher-worker-6] org.ktorm.database - SQL: insert into news ("name", originalname, source_id, link, "timestamp") values (?, ?, ?, ?, ?) 
2025-01-26 19:36:26 DEBUG [DefaultDispatcher-worker-6] org.ktorm.database - Parameters: [[ZF][IC] ASCII-F | Tribute to Classic | 65 + PAD | PCB TOP(text), [IC] ASCII-F | 致敬经典 | 65 + Pad | PCB TOP(text), 2(int), https://www.zfrontier.com/app/flow/PGzMBrXAaxEJ(text), 2025.01.26 15:36 UTC+3(text)]
2025-01-26 19:36:27 DEBUG [DefaultDispatcher-worker-6] org.ktorm.database - Effects: 1
2025-01-26 19:36:27 DEBUG [DefaultDispatcher-worker-6] org.ktorm.database - Generated Key: 487
2025-01-26 19:36:27 INFO  [DefaultDispatcher-worker-6] com.thocc.services.NewsService - Check DB! News: [ZF][IC] ASCII-F | Tribute to Classic | 65 + PAD | PCB TOP must appeared
2025-01-26 19:36:27 DEBUG [DefaultDispatcher-worker-6] org.ktorm.database - SQL: select news.id as news_id, news."name" as news_name, news.originalname as news_originalname, news.source_id as news_source_id, news.link as news_link, news."timestamp" as news_timestamp, _ref0.id as _ref0_id, _ref0."name" as _ref0_name from news left join newssource as _ref0 on news.source_id = _ref0.id where (news.originalname = ?) and (news.source_id = ?) limit ? 
2025-01-26 19:36:27 DEBUG [DefaultDispatcher-worker-6] org.ktorm.database - Parameters: [【IC】machete系列出新啦！(text), 2(int), 1(int)]
2025-01-26 19:36:27 DEBUG [DefaultDispatcher-worker-6] org.ktorm.database - Results: 1
2025-01-26 19:36:27 TRACE [DefaultDispatcher-worker-6] org.ktorm.database - Entity: News(id=481, name=[ZF]【IC】The machete series is new!, originalName=【IC】machete系列出新啦！, sourceId=NewsSourceEntity(id=2, name=ZF), link=https://www.zfrontier.com/app/flow/lnnRRmkXJw8B, timestamp=2025.01.26 16:27 UTC+3)
2025-01-26 19:36:27 DEBUG [DefaultDispatcher-worker-6] org.ktorm.database - SQL: select news.id as news_id, news."name" as news_name, news.originalname as news_originalname, news.source_id as news_source_id, news.link as news_link, news."timestamp" as news_timestamp, _ref0.id as _ref0_id, _ref0."name" as _ref0_name from news left join newssource as _ref0 on news.source_id = _ref0.id where (news.originalname = ?) and (news.source_id = ?) limit ? 
2025-01-26 19:36:27 DEBUG [DefaultDispatcher-worker-6] org.ktorm.database - Parameters: [【GB】 新春键帽(text), 2(int), 1(int)]
2025-01-26 19:36:27 DEBUG [DefaultDispatcher-worker-6] org.ktorm.database - Results: 1
2025-01-26 19:36:27 TRACE [DefaultDispatcher-worker-6] org.ktorm.database - Entity: News(id=482, name=[ZF]【GB】 New Year keycap, originalName=【GB】 新春键帽, sourceId=NewsSourceEntity(id=2, name=ZF), link=https://www.zfrontier.com/app/flow/yQLOKkEagalB, timestamp=2025.01.26 14:27 UTC+3)
2025-01-26 19:36:27 DEBUG [DefaultDispatcher-worker-6] org.ktorm.database - SQL: select news.id as news_id, news."name" as news_name, news.originalname as news_originalname, news.source_id as news_source_id, news.link as news_link, news."timestamp" as news_timestamp, _ref0.id as _ref0_id, _ref0."name" as _ref0_name from news left join newssource as _ref0 on news.source_id = _ref0.id where (news.originalname = ?) and (news.source_id = ?) limit ? 
2025-01-26 19:36:27 DEBUG [DefaultDispatcher-worker-6] org.ktorm.database - Parameters: [【已成团现货129元！】BanG Dream Ave Mujica(text), 2(int), 1(int)]
2025-01-26 19:36:27 DEBUG [DefaultDispatcher-worker-6] org.ktorm.database - Results: 1
2025-01-26 19:36:28 TRACE [DefaultDispatcher-worker-6] org.ktorm.database - Entity: News(id=478, name=[ZF][In stock now for 129 yuan in a group! 】BanG Dream Ave Mujica, originalName=【已成团现货129元！】BanG Dream Ave Mujica, sourceId=NewsSourceEntity(id=2, name=ZF), link=https://www.zfrontier.com/app/flow/EPRgn39WpOZo, timestamp=2025.01.26 16:53 UTC+3)
2025-01-26 19:36:28 DEBUG [DefaultDispatcher-worker-6] org.ktorm.database - SQL: select news.id as news_id, news."name" as news_name, news.originalname as news_originalname, news.source_id as news_source_id, news.link as news_link, news."timestamp" as news_timestamp, _ref0.id as _ref0_id, _ref0."name" as _ref0_name from news left join newssource as _ref0 on news.source_id = _ref0.id where (news.originalname = ?) and (news.source_id = ?) limit ? 
2025-01-26 19:36:28 DEBUG [DefaultDispatcher-worker-6] org.ktorm.database - Parameters: [【现货】Loerent Studio《圣托里尼的猫》键帽套装(text), 2(int), 1(int)]
2025-01-26 19:36:28 DEBUG [DefaultDispatcher-worker-6] org.ktorm.database - Results: 1
2025-01-26 19:36:28 TRACE [DefaultDispatcher-worker-6] org.ktorm.database - Entity: News(id=479, name=[ZF][In stock] Loerent Studio "Cats of Santorini" keycap set, originalName=【现货】Loerent Studio《圣托里尼的猫》键帽套装, sourceId=NewsSourceEntity(id=2, name=ZF), link=https://www.zfrontier.com/app/flow/jxl0KLp69Yod, timestamp=2025.01.26 04:53 UTC+3)
2025-01-26 19:36:28 DEBUG [DefaultDispatcher-worker-6] org.ktorm.database - SQL: select news.id as news_id, news."name" as news_name, news.originalname as news_originalname, news.source_id as news_source_id, news.link as news_link, news."timestamp" as news_timestamp, _ref0.id as _ref0_id, _ref0."name" as _ref0_name from news left join newssource as _ref0 on news.source_id = _ref0.id where (news.originalname = ?) and (news.source_id = ?) limit ? 
2025-01-26 19:36:28 DEBUG [DefaultDispatcher-worker-6] org.ktorm.database - Parameters: [Taka60快拆铝壳 现货GB!(text), 2(int), 1(int)]
2025-01-26 19:36:28 DEBUG [DefaultDispatcher-worker-6] org.ktorm.database - Results: 1
2025-01-26 19:36:28 TRACE [DefaultDispatcher-worker-6] org.ktorm.database - Entity: News(id=480, name=[ZF]TAKA60 fast disassembly aluminum shell spot GB!, originalName=Taka60快拆铝壳 现货GB!, sourceId=NewsSourceEntity(id=2, name=ZF), link=https://www.zfrontier.com/app/flow/YOxJMZ8rZ5X6, timestamp=2025.01.26 04:54 UTC+3)
2025-01-26 19:36:28 DEBUG [DefaultDispatcher-worker-6] org.ktorm.database - SQL: select news.id as news_id, news."name" as news_name, news.originalname as news_originalname, news.source_id as news_source_id, news.link as news_link, news."timestamp" as news_timestamp, _ref0.id as _ref0_id, _ref0."name" as _ref0_name from news left join newssource as _ref0 on news.source_id = _ref0.id where (news.originalname = ?) and (news.source_id = ?) limit ? 
2025-01-26 19:36:28 DEBUG [DefaultDispatcher-worker-6] org.ktorm.database - Parameters: [【GB】J75(text), 2(int), 1(int)]
2025-01-26 19:36:28 DEBUG [DefaultDispatcher-worker-6] org.ktorm.database - Results: 1
2025-01-26 19:36:28 TRACE [DefaultDispatcher-worker-6] org.ktorm.database - Entity: News(id=477, name=[ZF]【GB】J75, originalName=【GB】J75, sourceId=NewsSourceEntity(id=2, name=ZF), link=https://www.zfrontier.com/app/flow/1qrg7q6QvB85, timestamp=2025.01.25 13:40 UTC+3)
2025-01-26 19:36:28 DEBUG [DefaultDispatcher-worker-6] org.ktorm.database - SQL: select news.id as news_id, news."name" as news_name, news.originalname as news_originalname, news.source_id as news_source_id, news.link as news_link, news."timestamp" as news_timestamp, _ref0.id as _ref0_id, _ref0."name" as _ref0_name from news left join newssource as _ref0 on news.source_id = _ref0.id where (news.originalname = ?) and (news.source_id = ?) limit ? 
2025-01-26 19:36:28 DEBUG [DefaultDispatcher-worker-6] org.ktorm.database - Parameters: [[现货]NewRetro66v2 C&B(text), 2(int), 1(int)]
2025-01-26 19:36:29 DEBUG [DefaultDispatcher-worker-6] org.ktorm.database - Results: 1
2025-01-26 19:36:29 TRACE [DefaultDispatcher-worker-6] org.ktorm.database - Entity: News(id=472, name=[ZF][Spot] Newretro66V2 C & B, originalName=[现货]NewRetro66v2 C&B, sourceId=NewsSourceEntity(id=2, name=ZF), link=https://www.zfrontier.com/app/flow/lJYG8WwqEXWa, timestamp=2025.01.25 19:22 UTC+3)
2025-01-26 19:36:29 DEBUG [DefaultDispatcher-worker-6] org.ktorm.database - SQL: select news.id as news_id, news."name" as news_name, news.originalname as news_originalname, news.source_id as news_source_id, news.link as news_link, news."timestamp" as news_timestamp, _ref0.id as _ref0_id, _ref0."name" as _ref0_name from news left join newssource as _ref0 on news.source_id = _ref0.id where (news.originalname = ?) and (news.source_id = ?) limit ? 
2025-01-26 19:36:29 DEBUG [DefaultDispatcher-worker-6] org.ktorm.database - Parameters: [【预热】DBL-75(text), 2(int), 1(int)]
2025-01-26 19:36:29 DEBUG [DefaultDispatcher-worker-6] org.ktorm.database - Results: 1
2025-01-26 19:36:29 TRACE [DefaultDispatcher-worker-6] org.ktorm.database - Entity: News(id=473, name=[ZF][Preheated] DBL-75, originalName=【预热】DBL-75, sourceId=NewsSourceEntity(id=2, name=ZF), link=https://www.zfrontier.com/app/flow/9z8LyZV5PyMq, timestamp=2025.01.25 11:22 UTC+3)
2025-01-26 19:36:29 DEBUG [DefaultDispatcher-worker-6] org.ktorm.database - SQL: select news.id as news_id, news."name" as news_name, news.originalname as news_originalname, news.source_id as news_source_id, news.link as news_link, news."timestamp" as news_timestamp, _ref0.id as _ref0_id, _ref0."name" as _ref0_name from news left join newssource as _ref0 on news.source_id = _ref0.id where (news.originalname = ?) and (news.source_id = ?) limit ? 
2025-01-26 19:36:29 DEBUG [DefaultDispatcher-worker-6] org.ktorm.database - Parameters: [THOK Hello World Space bar 625u 7u金属键帽(text), 2(int), 1(int)]
2025-01-26 19:36:29 DEBUG [DefaultDispatcher-worker-6] org.ktorm.database - Results: 1
2025-01-26 19:36:29 TRACE [DefaultDispatcher-worker-6] org.ktorm.database - Entity: News(id=474, name=[ZF]Thok Hello World Space Bar 625U 7U metal keycap, originalName=THOK Hello World Space bar 625u 7u金属键帽, sourceId=NewsSourceEntity(id=2, name=ZF), link=https://www.zfrontier.com/app/flow/37qG5KANGZ9L, timestamp=2025.01.25 14:22 UTC+3)
2025-01-26 19:36:29 DEBUG [DefaultDispatcher-worker-6] org.ktorm.database - SQL: select news.id as news_id, news."name" as news_name, news.originalname as news_originalname, news.source_id as news_source_id, news.link as news_link, news."timestamp" as news_timestamp, _ref0.id as _ref0_id, _ref0."name" as _ref0_name from news left join newssource as _ref0 on news.source_id = _ref0.id where (news.originalname = ?) and (news.source_id = ?) limit ? 
2025-01-26 19:36:29 DEBUG [DefaultDispatcher-worker-6] org.ktorm.database - Parameters: [【GB】忘记IC直接GB！肥皂75来辣！(text), 2(int), 1(int)]
2025-01-26 19:36:30 DEBUG [DefaultDispatcher-worker-6] org.ktorm.database - Results: 1
2025-01-26 19:36:30 TRACE [DefaultDispatcher-worker-6] org.ktorm.database - Entity: News(id=475, name=[ZF][GB] Forget IC directly GB! Soap 75 is spicy!, originalName=【GB】忘记IC直接GB！肥皂75来辣！, sourceId=NewsSourceEntity(id=2, name=ZF), link=https://www.zfrontier.com/app/flow/71Wn7YmZvYk3, timestamp=2025.01.25 15:23 UTC+3)
2025-01-26 19:36:30 DEBUG [DefaultDispatcher-worker-6] org.ktorm.database - SQL: select news.id as news_id, news."name" as news_name, news.originalname as news_originalname, news.source_id as news_source_id, news.link as news_link, news."timestamp" as news_timestamp, _ref0.id as _ref0_id, _ref0."name" as _ref0_name from news left join newssource as _ref0 on news.source_id = _ref0.id where (news.originalname = ?) and (news.source_id = ?) limit ? 
2025-01-26 19:36:30 DEBUG [DefaultDispatcher-worker-6] org.ktorm.database - Parameters: [52 dactyI Pro热插拔无线曲面分体键盘(text), 2(int), 1(int)]
2025-01-26 19:36:30 DEBUG [DefaultDispatcher-worker-6] org.ktorm.database - Results: 1
2025-01-26 19:36:30 TRACE [DefaultDispatcher-worker-6] org.ktorm.database - Entity: News(id=476, name=[ZF]52 DACTYI Pro hot plug -in wireless curved surface keyboard, originalName=52 dactyI Pro热插拔无线曲面分体键盘, sourceId=NewsSourceEntity(id=2, name=ZF), link=https://www.zfrontier.com/app/flow/xJZ3bjBN3rA9, timestamp=2025.01.25 12:23 UTC+3)
2025-01-26 19:36:30 DEBUG [DefaultDispatcher-worker-6] org.ktorm.database - SQL: select news.id as news_id, news."name" as news_name, news.originalname as news_originalname, news.source_id as news_source_id, news.link as news_link, news."timestamp" as news_timestamp, _ref0.id as _ref0_id, _ref0."name" as _ref0_name from news left join newssource as _ref0 on news.source_id = _ref0.id where (news.originalname = ?) and (news.source_id = ?) limit ? 
2025-01-26 19:36:30 DEBUG [DefaultDispatcher-worker-6] org.ktorm.database - Parameters: [【IC】摩尔条纹-Moire fringe |2色可选|复古极简(text), 2(int), 1(int)]
2025-01-26 19:36:30 DEBUG [DefaultDispatcher-worker-6] org.ktorm.database - Results: 1
2025-01-26 19:36:30 TRACE [DefaultDispatcher-worker-6] org.ktorm.database - Entity: News(id=471, name=[ZF][IC] Moore stripes-Moire Fringe | 2 color options | retro minimalist, originalName=【IC】摩尔条纹-Moire fringe |2色可选|复古极简, sourceId=NewsSourceEntity(id=2, name=ZF), link=https://www.zfrontier.com/app/flow/NGjQWJojO6YX, timestamp=2025.01.24 08:27 UTC+3)
2025-01-26 19:36:30 DEBUG [DefaultDispatcher-worker-6] org.ktorm.database - SQL: select news.id as news_id, news."name" as news_name, news.originalname as news_originalname, news.source_id as news_source_id, news.link as news_link, news."timestamp" as news_timestamp, _ref0.id as _ref0_id, _ref0."name" as _ref0_name from news left join newssource as _ref0 on news.source_id = _ref0.id where (news.originalname = ?) and (news.source_id = ?) limit ? 
2025-01-26 19:36:30 DEBUG [DefaultDispatcher-worker-6] org.ktorm.database - Parameters: [【截团提醒】The Base 75 + 将于今晚截团！(text), 2(int), 1(int)]
2025-01-26 19:36:30 DEBUG [DefaultDispatcher-worker-6] org.ktorm.database - Results: 1
2025-01-26 19:36:30 TRACE [DefaultDispatcher-worker-6] org.ktorm.database - Entity: News(id=470, name=[ZF][Reminder from the group] The Base 75+ will be intercepted tonight!, originalName=【截团提醒】The Base 75 + 将于今晚截团！, sourceId=NewsSourceEntity(id=2, name=ZF), link=https://www.zfrontier.com/app/flow/WNVLBE3PKyqN, timestamp=2025.01.24 05:25 UTC+3)
2025-01-26 19:36:30 DEBUG [DefaultDispatcher-worker-6] org.ktorm.database - SQL: select news.id as news_id, news."name" as news_name, news.originalname as news_originalname, news.source_id as news_source_id, news.link as news_link, news."timestamp" as news_timestamp, _ref0.id as _ref0_id, _ref0."name" as _ref0_name from news left join newssource as _ref0 on news.source_id = _ref0.id where (news.originalname = ?) and (news.source_id = ?) limit ? 
2025-01-26 19:36:30 DEBUG [DefaultDispatcher-worker-6] org.ktorm.database - Parameters: [[截团提醒]Shinobu Kocho 蝴蝶少女早鸟团将在今晚12点截团(text), 2(int), 1(int)]
2025-01-26 19:36:31 DEBUG [DefaultDispatcher-worker-6] org.ktorm.database - Results: 1
2025-01-26 19:36:31 TRACE [DefaultDispatcher-worker-6] org.ktorm.database - Entity: News(id=464, name=[ZF][Tour cutoff reminder] Shinobu Kocho Butterfly Girls early bird tour will end at 12pm tonight, originalName=[截团提醒]Shinobu Kocho 蝴蝶少女早鸟团将在今晚12点截团, sourceId=NewsSourceEntity(id=2, name=ZF), link=https://www.zfrontier.com/app/flow/pvKKoQKoYVyR, timestamp=2025.01.23 12:51 UTC+3)
2025-01-26 19:36:31 DEBUG [DefaultDispatcher-worker-6] org.ktorm.database - SQL: select news.id as news_id, news."name" as news_name, news.originalname as news_originalname, news.source_id as news_source_id, news.link as news_link, news."timestamp" as news_timestamp, _ref0.id as _ref0_id, _ref0."name" as _ref0_name from news left join newssource as _ref0 on news.source_id = _ref0.id where (news.originalname = ?) and (news.source_id = ?) limit ? 
2025-01-26 19:36:31 DEBUG [DefaultDispatcher-worker-6] org.ktorm.database - Parameters: [「分享」拼装大师键帽 现货销售中 春节不打烊&博主实拍(text), 2(int), 1(int)]
2025-01-26 19:36:31 DEBUG [DefaultDispatcher-worker-6] org.ktorm.database - Results: 1
2025-01-26 19:36:31 TRACE [DefaultDispatcher-worker-6] org.ktorm.database - Entity: News(id=465, name=[ZF]"Share" Assembling Master keycaps are now on sale. We are not closed during the Spring Festival & bloggers take real photos., originalName=「分享」拼装大师键帽 现货销售中 春节不打烊&博主实拍, sourceId=NewsSourceEntity(id=2, name=ZF), link=https://www.zfrontier.com/app/flow/VP3bv9VvKVJY, timestamp=2025.01.23 10:51 UTC+3)
2025-01-26 19:36:31 DEBUG [DefaultDispatcher-worker-6] org.ktorm.database - SQL: select news.id as news_id, news."name" as news_name, news.originalname as news_originalname, news.source_id as news_source_id, news.link as news_link, news."timestamp" as news_timestamp, _ref0.id as _ref0_id, _ref0."name" as _ref0_name from news left join newssource as _ref0 on news.source_id = _ref0.id where (news.originalname = ?) and (news.source_id = ?) limit ? 
2025-01-26 19:36:31 DEBUG [DefaultDispatcher-worker-6] org.ktorm.database - Parameters: [【IC】AM Infinity Mouse 情报公开（1月22）(text), 2(int), 1(int)]
2025-01-26 19:36:31 DEBUG [DefaultDispatcher-worker-6] org.ktorm.database - Results: 1
2025-01-26 19:36:31 TRACE [DefaultDispatcher-worker-6] org.ktorm.database - Entity: News(id=466, name=[ZF]【IC】AM Infinity Mouse information released (January 22), originalName=【IC】AM Infinity Mouse 情报公开（1月22）, sourceId=NewsSourceEntity(id=2, name=ZF), link=https://www.zfrontier.com/app/flow/6jyRa1EV50vm, timestamp=2025.01.23 09:52 UTC+3)
2025-01-26 19:36:31 INFO  [DefaultDispatcher-worker-6] c.t.services.ZFrontierCheckerService - job done, waiting for 2 hours
