2025-03-12 20:42:16 INFO  [DefaultDispatcher-worker-2] c.t.services.ZFrontierCheckerService - zf page loaded!
2025-03-12 20:42:16 INFO  [DefaultDispatcher-worker-2] c.t.services.ZFrontierCheckerService - navigating to google.com
2025-03-12 20:42:21 INFO  [DefaultDispatcher-worker-2] c.t.services.ZFrontierCheckerService - main function receiver answer from ZF
2025-03-12 20:42:21 INFO  [DefaultDispatcher-worker-2] c.t.services.ZFrontierCheckerService - skipped Error - https://www.zfrontier.comnull
2025-03-12 20:42:21 DEBUG [DefaultDispatcher-worker-2] org.ktorm.database - SQL: select news.id as news_id, news."name" as news_name, news.originalname as news_originalname, news.source_id as news_source_id, news.link as news_link, news."timestamp" as news_timestamp, _ref0.id as _ref0_id, _ref0."name" as _ref0_name from news left join newssource as _ref0 on news.source_id = _ref0.id where (news.originalname = ?) and (news.source_id = ?) limit ? 
2025-03-12 20:42:21 DEBUG [DefaultDispatcher-worker-2] org.ktorm.database - Parameters: [【IC】STory100 客制化套件 很难不心动(text), 2(int), 1(int)]
2025-03-12 20:42:21 DEBUG [DefaultDispatcher-worker-2] org.ktorm.database - Results: 1
2025-03-12 20:42:21 TRACE [DefaultDispatcher-worker-2] org.ktorm.database - Entity: News(id=67, name=[ZF]【IC】STory100 customized kit is hard not to be moved, originalName=【IC】STory100 客制化套件 很难不心动, sourceId=NewsSourceEntity(id=2, name=ZF), link=https://www.zfrontier.com/app/flow/KKmvKqV6779P, timestamp=2025.03.12 12:00 UTC+3)
2025-03-12 20:42:21 INFO  [DefaultDispatcher-worker-2] c.t.services.ZFrontierCheckerService - skipped 【IC】STory100 客制化套件 很难不心动 - https://www.zfrontier.com/app/flow/KKmvKqV6779P
2025-03-12 20:42:21 DEBUG [DefaultDispatcher-worker-2] org.ktorm.database - SQL: select news.id as news_id, news."name" as news_name, news.originalname as news_originalname, news.source_id as news_source_id, news.link as news_link, news."timestamp" as news_timestamp, _ref0.id as _ref0_id, _ref0."name" as _ref0_name from news left join newssource as _ref0 on news.source_id = _ref0.id where (news.originalname = ?) and (news.source_id = ?) limit ? 
2025-03-12 20:42:21 DEBUG [DefaultDispatcher-worker-2] org.ktorm.database - Parameters: [【IC】莹海轴（Ocean switches）(text), 2(int), 1(int)]
2025-03-12 20:42:21 DEBUG [DefaultDispatcher-worker-2] org.ktorm.database - Results: 0
2025-03-12 20:42:21 DEBUG [DefaultDispatcher-worker-2] org.ktorm.database - SQL: select news.id as news_id, news."name" as news_name, news.originalname as news_originalname, news.source_id as news_source_id, news.link as news_link, news."timestamp" as news_timestamp, _ref0.id as _ref0_id, _ref0."name" as _ref0_name from news left join newssource as _ref0 on news.source_id = _ref0.id where news.link = ? limit ? 
2025-03-12 20:42:21 DEBUG [DefaultDispatcher-worker-2] org.ktorm.database - Parameters: [https://www.zfrontier.com/app/flow/WlVpl3QLVvvM(text), 1(int)]
2025-03-12 20:42:21 DEBUG [DefaultDispatcher-worker-2] org.ktorm.database - Results: 0
2025-03-12 20:42:21 INFO  [DefaultDispatcher-worker-2] c.t.services.ZFrontierCheckerService - passed https://www.zfrontier.com/app/flow/WlVpl3QLVvvM
2025-03-12 20:42:21 TRACE [DefaultDispatcher-worker-2] i.k.c.p.c.ContentNegotiation - Adding Accept=application header for https://ftapi.pythonanywhere.com/translate?dl=en&text=%E3%80%90IC%E3%80%91%E8%8E%B9%E6%B5%B7%E8%BD%B4%EF%BC%88Ocean+switches%EF%BC%89
2025-03-12 20:42:21 TRACE [DefaultDispatcher-worker-2] i.k.c.p.c.ContentNegotiation - Adding Accept=application header for https://ftapi.pythonanywhere.com/translate?dl=en&text=%E3%80%90IC%E3%80%91%E8%8E%B9%E6%B5%B7%E8%BD%B4%EF%BC%88Ocean+switches%EF%BC%89
2025-03-12 20:42:21 TRACE [DefaultDispatcher-worker-2] i.k.c.p.c.ContentNegotiation - Body type class io.ktor.client.utils.EmptyContent is in ignored types. Skipping ContentNegotiation for https://ftapi.pythonanywhere.com/translate?dl=en&text=%E3%80%90IC%E3%80%91%E8%8E%B9%E6%B5%B7%E8%BD%B4%EF%BC%88Ocean+switches%EF%BC%89.
2025-03-12 20:42:21 TRACE [DefaultDispatcher-worker-2] i.ktor.client.plugins.HttpPlainText - Adding Accept-Charset=UTF-8 to https://ftapi.pythonanywhere.com/translate?dl=en&text=%E3%80%90IC%E3%80%91%E8%8E%B9%E6%B5%B7%E8%BD%B4%EF%BC%88Ocean+switches%EF%BC%89
2025-03-12 20:42:21 INFO  [DefaultDispatcher-worker-3] io.ktor.client.HttpClient - REQUEST: https://ftapi.pythonanywhere.com/translate?dl=en&text=%E3%80%90IC%E3%80%91%E8%8E%B9%E6%B5%B7%E8%BD%B4%EF%BC%88Ocean+switches%EF%BC%89
METHOD: HttpMethod(value=GET)
BODY Content-Type: null
BODY START

BODY END
2025-03-12 20:42:22 TRACE [DefaultDispatcher-worker-5] i.k.client.plugins.HttpCallValidator - Validating response for request https://ftapi.pythonanywhere.com/translate?dl=en&text=%E3%80%90IC%E3%80%91%E8%8E%B9%E6%B5%B7%E8%BD%B4%EF%BC%88Ocean+switches%EF%BC%89
2025-03-12 20:42:22 TRACE [DefaultDispatcher-worker-5] i.k.c.p.DefaultResponseValidation - Skipping default response validation for https://ftapi.pythonanywhere.com/translate?dl=en&text=%E3%80%90IC%E3%80%91%E8%8E%B9%E6%B5%B7%E8%BD%B4%EF%BC%88Ocean+switches%EF%BC%89
2025-03-12 20:42:22 INFO  [DefaultDispatcher-worker-5] io.ktor.client.HttpClient - RESPONSE: 200 OK
METHOD: HttpMethod(value=GET)
FROM: https://ftapi.pythonanywhere.com/translate?dl=en&text=%E3%80%90IC%E3%80%91%E8%8E%B9%E6%B5%B7%E8%BD%B4%EF%BC%88Ocean+switches%EF%BC%89
BODY Content-Type: application/json
BODY START
{"source-language": "zh-CN", "source-text": "\u3010IC\u3011\u83b9\u6d77\u8f74\uff08Ocean switches\uff09", "destination-language": "en", "destination-text": "\u3010IC\u3011Yanghai axis (Ocean switches)", "pronunciation": {"source-text-phonetic": "[IC] y\u00edng h\u01cei zh\u00f3u (Ocean switches)", "source-text-audio": "https://translate.google.com/translate_tts?ie=UTF-&&client=tw-ob&tl=zh-CN&q=\u3010IC\u3011\u83b9\u6d77\u8f74\uff08Ocean%20switches\uff09", "destination-text-audio": "https://translate.google.com/translate_tts?ie=UTF-&&client=tw-ob&tl=en&q=\u3010IC\u3011Yanghai%20axis%20(Ocean%20switches)"}, "translations": {"all-translations": null, "possible-translations": ["\u3010IC\u3011Yanghai axis (Ocean switches)"], "possible-mistakes": null}, "definitions": null, "see-also": null}
BODY END
2025-03-12 20:42:22 TRACE [DefaultDispatcher-worker-8] i.k.c.plugins.defaultTransformers - Transformed with default transformers response body for https://ftapi.pythonanywhere.com/translate?dl=en&text=%E3%80%90IC%E3%80%91%E8%8E%B9%E6%B5%B7%E8%BD%B4%EF%BC%88Ocean+switches%EF%BC%89 to class kotlinx.io.Source
2025-03-12 20:42:22 INFO  [DefaultDispatcher-worker-8] c.t.services.ZFrontierCheckerService - 【IC】莹海轴（Ocean switches） - https://www.zfrontier.com/app/flow/WlVpl3QLVvvM - 2025.03.12 20:42 UTC+3
2025-03-12 20:42:32 INFO  [DefaultDispatcher-worker-8] c.t.services.ZFrontierCheckerService - Sending media group: MediaGroupRequest(chat_id=@TopreThoc, media=[MediaItem(type=photo, media=https://img.zfrontier.com/post/lvAVjrPH04qcYfnnT9YSGH-V4LpW.jpg-cover360.webp, caption=[ZF] 【IC】Yanghai axis (Ocean switches) - https://www.zfrontier.com/app/flow/WlVpl3QLVvvM), MediaItem(type=photo, media=https://img.zfrontier.com/post/Fo3-MI91jaDSo8O-SAnSuwYovQVr.jpg-cover360.webp, caption=)])
2025-03-12 20:42:32 TRACE [DefaultDispatcher-worker-8] i.k.c.p.c.ContentNegotiation - Adding Accept=application header for https://api.telegram.org/bot7806136583:AAFZTO7ufHr6CUasULRAkCosEz-43lnOXnQ/sendMediaGroup
2025-03-12 20:42:32 TRACE [DefaultDispatcher-worker-8] i.k.c.p.c.ContentNegotiation - Adding Accept=application header for https://api.telegram.org/bot7806136583:AAFZTO7ufHr6CUasULRAkCosEz-43lnOXnQ/sendMediaGroup
2025-03-12 20:42:32 TRACE [DefaultDispatcher-worker-8] i.k.c.p.c.ContentNegotiation - Converted request body using io.ktor.serialization.kotlinx.KotlinxSerializationConverter@11849593 for https://api.telegram.org/bot7806136583:AAFZTO7ufHr6CUasULRAkCosEz-43lnOXnQ/sendMediaGroup
2025-03-12 20:42:32 TRACE [DefaultDispatcher-worker-8] i.ktor.client.plugins.HttpPlainText - Adding Accept-Charset=UTF-8 to https://api.telegram.org/bot7806136583:AAFZTO7ufHr6CUasULRAkCosEz-43lnOXnQ/sendMediaGroup
2025-03-12 20:42:32 TRACE [DefaultDispatcher-worker-8] i.k.c.plugins.defaultTransformers - Transformed with default transformers request body for https://api.telegram.org/bot7806136583:AAFZTO7ufHr6CUasULRAkCosEz-43lnOXnQ/sendMediaGroup from class io.ktor.http.content.TextContent
2025-03-12 20:42:32 INFO  [DefaultDispatcher-worker-7] io.ktor.client.HttpClient - REQUEST: https://api.telegram.org/bot7806136583:AAFZTO7ufHr6CUasULRAkCosEz-43lnOXnQ/sendMediaGroup
METHOD: HttpMethod(value=POST)
BODY Content-Type: application/json
BODY START
{"chat_id":"@TopreThoc","media":[{"type":"photo","media":"https://img.zfrontier.com/post/lvAVjrPH04qcYfnnT9YSGH-V4LpW.jpg-cover360.webp","caption":"[ZF] 【IC】Yanghai axis (Ocean switches) - https://www.zfrontier.com/app/flow/WlVpl3QLVvvM"},{"type":"photo","media":"https://img.zfrontier.com/post/Fo3-MI91jaDSo8O-SAnSuwYovQVr.jpg-cover360.webp","caption":""}]}
BODY END
2025-03-12 20:42:34 TRACE [DefaultDispatcher-worker-3] i.k.client.plugins.HttpCallValidator - Validating response for request https://api.telegram.org/bot7806136583:AAFZTO7ufHr6CUasULRAkCosEz-43lnOXnQ/sendMediaGroup
2025-03-12 20:42:34 TRACE [DefaultDispatcher-worker-3] i.k.c.p.DefaultResponseValidation - Skipping default response validation for https://api.telegram.org/bot7806136583:AAFZTO7ufHr6CUasULRAkCosEz-43lnOXnQ/sendMediaGroup
2025-03-12 20:42:34 INFO  [DefaultDispatcher-worker-2] io.ktor.client.HttpClient - RESPONSE: 200 OK
METHOD: HttpMethod(value=POST)
FROM: https://api.telegram.org/bot7806136583:AAFZTO7ufHr6CUasULRAkCosEz-43lnOXnQ/sendMediaGroup
BODY Content-Type: application/json
BODY START
{"ok":true,"result":[{"message_id":2051,"sender_chat":{"id":-1002295418276,"title":"Thocc News","username":"TopreThoc","type":"channel"},"chat":{"id":-1002295418276,"title":"Thocc News","username":"TopreThoc","type":"channel"},"date":1741801355,"media_group_id":"13934410845293362","photo":[{"file_id":"AgACAgQAAxUHZ9HHi4LQzpcHyYnJzsQFQeOTd88AAva3MRtDHpVSEyb4oFy2ho0BAAMCAANzAAM2BA","file_unique_id":"AQAD9rcxG0MelVJ4","file_size":2171,"width":90,"height":90},{"file_id":"AgACAgQAAxUHZ9HHi4LQzpcHyYnJzsQFQeOTd88AAva3MRtDHpVSEyb4oFy2ho0BAAMCAANtAAM2BA","file_unique_id":"AQAD9rcxG0MelVJy","file_size":30069,"width":320,"height":320},{"file_id":"AgACAgQAAxUHZ9HHi4LQzpcHyYnJzsQFQeOTd88AAva3MRtDHpVSEyb4oFy2ho0BAAMCAAN4AAM2BA","file_unique_id":"AQAD9rcxG0MelVJ9","file_size":33500,"width":360,"height":360}],"caption":"[ZF] \u3010IC\u3011Yanghai axis (Ocean switches) - https://www.zfrontier.com/app/flow/WlVpl3QLVvvM","caption_entities":[{"offset":41,"length":47,"type":"url"}]},{"message_id":2052,"sender_chat":{"id":-1002295418276,"title":"Thocc News","username":"TopreThoc","type":"channel"},"chat":{"id":-1002295418276,"title":"Thocc News","username":"TopreThoc","type":"channel"},"date":1741801355,"media_group_id":"13934410845293362","photo":[{"file_id":"AgACAgQAAxUHZ9HHi04FJNs5Db06XlxwvUS13dUAAgS3MRvGW5VSNtxGGR77KmsBAAMCAANzAAM2BA","file_unique_id":"AQADBLcxG8ZblVJ4","file_size":1630,"width":90,"height":67},{"file_id":"AgACAgQAAxUHZ9HHi04FJNs5Db06XlxwvUS13dUAAgS3MRvGW5VSNtxGGR77KmsBAAMCAANtAAM2BA","file_unique_id":"AQADBLcxG8ZblVJy","file_size":27949,"width":320,"height":240},{"file_id":"AgACAgQAAxUHZ9HHi04FJNs5Db06XlxwvUS13dUAAgS3MRvGW5VSNtxGGR77KmsBAAMCAAN4AAM2BA","file_unique_id":"AQADBLcxG8ZblVJ9","file_size":32105,"width":360,"height":270}]}]}
BODY END
2025-03-12 20:42:34 TRACE [DefaultDispatcher-worker-3] i.k.c.plugins.defaultTransformers - Transformed with default transformers response body for https://api.telegram.org/bot7806136583:AAFZTO7ufHr6CUasULRAkCosEz-43lnOXnQ/sendMediaGroup to class kotlinx.io.Source
2025-03-12 20:42:34 INFO  [DefaultDispatcher-worker-3] c.t.services.ZFrontierCheckerService - Media group response: {"ok":true,"result":[{"message_id":2051,"sender_chat":{"id":-1002295418276,"title":"Thocc News","username":"TopreThoc","type":"channel"},"chat":{"id":-1002295418276,"title":"Thocc News","username":"TopreThoc","type":"channel"},"date":1741801355,"media_group_id":"13934410845293362","photo":[{"file_id":"AgACAgQAAxUHZ9HHi4LQzpcHyYnJzsQFQeOTd88AAva3MRtDHpVSEyb4oFy2ho0BAAMCAANzAAM2BA","file_unique_id":"AQAD9rcxG0MelVJ4","file_size":2171,"width":90,"height":90},{"file_id":"AgACAgQAAxUHZ9HHi4LQzpcHyYnJzsQFQeOTd88AAva3MRtDHpVSEyb4oFy2ho0BAAMCAANtAAM2BA","file_unique_id":"AQAD9rcxG0MelVJy","file_size":30069,"width":320,"height":320},{"file_id":"AgACAgQAAxUHZ9HHi4LQzpcHyYnJzsQFQeOTd88AAva3MRtDHpVSEyb4oFy2ho0BAAMCAAN4AAM2BA","file_unique_id":"AQAD9rcxG0MelVJ9","file_size":33500,"width":360,"height":360}],"caption":"[ZF] \u3010IC\u3011Yanghai axis (Ocean switches) - https://www.zfrontier.com/app/flow/WlVpl3QLVvvM","caption_entities":[{"offset":41,"length":47,"type":"url"}]},{"message_id":2052,"sender_chat":{"id":-1002295418276,"title":"Thocc News","username":"TopreThoc","type":"channel"},"chat":{"id":-1002295418276,"title":"Thocc News","username":"TopreThoc","type":"channel"},"date":1741801355,"media_group_id":"13934410845293362","photo":[{"file_id":"AgACAgQAAxUHZ9HHi04FJNs5Db06XlxwvUS13dUAAgS3MRvGW5VSNtxGGR77KmsBAAMCAANzAAM2BA","file_unique_id":"AQADBLcxG8ZblVJ4","file_size":1630,"width":90,"height":67},{"file_id":"AgACAgQAAxUHZ9HHi04FJNs5Db06XlxwvUS13dUAAgS3MRvGW5VSNtxGGR77KmsBAAMCAANtAAM2BA","file_unique_id":"AQADBLcxG8ZblVJy","file_size":27949,"width":320,"height":240},{"file_id":"AgACAgQAAxUHZ9HHi04FJNs5Db06XlxwvUS13dUAAgS3MRvGW5VSNtxGGR77KmsBAAMCAAN4AAM2BA","file_unique_id":"AQADBLcxG8ZblVJ9","file_size":32105,"width":360,"height":270}]}]}
2025-03-12 20:42:34 DEBUG [DefaultDispatcher-worker-3] org.ktorm.database - SQL: insert into news ("name", originalname, source_id, link, "timestamp") values (?, ?, ?, ?, ?) 
2025-03-12 20:42:34 DEBUG [DefaultDispatcher-worker-3] org.ktorm.database - Parameters: [[ZF]【IC】Yanghai axis (Ocean switches)(text), 【IC】莹海轴（Ocean switches）(text), 2(int), https://www.zfrontier.com/app/flow/WlVpl3QLVvvM(text), 2025.03.12 20:42 UTC+3(text)]
2025-03-12 20:42:34 DEBUG [DefaultDispatcher-worker-3] org.ktorm.database - Effects: 1
2025-03-12 20:42:34 DEBUG [DefaultDispatcher-worker-3] org.ktorm.database - Generated Key: 68
2025-03-12 20:42:34 INFO  [DefaultDispatcher-worker-3] com.thocc.services.NewsService - Check DB! News: [ZF]【IC】Yanghai axis (Ocean switches) must appeared
2025-03-12 20:42:34 DEBUG [DefaultDispatcher-worker-3] org.ktorm.database - SQL: select news.id as news_id, news."name" as news_name, news.originalname as news_originalname, news.source_id as news_source_id, news.link as news_link, news."timestamp" as news_timestamp, _ref0.id as _ref0_id, _ref0."name" as _ref0_name from news left join newssource as _ref0 on news.source_id = _ref0.id where (news.originalname = ?) and (news.source_id = ?) limit ? 
2025-03-12 20:42:34 DEBUG [DefaultDispatcher-worker-3] org.ktorm.database - Parameters: [【IC】THOK Resin/Metal Galaxy 金属树脂银河艺术个性键帽(text), 2(int), 1(int)]
2025-03-12 20:42:34 DEBUG [DefaultDispatcher-worker-3] org.ktorm.database - Results: 1
2025-03-12 20:42:34 TRACE [DefaultDispatcher-worker-3] org.ktorm.database - Entity: News(id=66, name=[ZF]【IC】THOK Resin/Metal Galaxy Metal Resin Galaxy Art Personal Keycap, originalName=【IC】THOK Resin/Metal Galaxy 金属树脂银河艺术个性键帽, sourceId=NewsSourceEntity(id=2, name=ZF), link=https://www.zfrontier.com/app/flow/BzGv1aLLONz7, timestamp=2025.03.12 09:57 UTC+3)
2025-03-12 20:42:34 INFO  [DefaultDispatcher-worker-3] c.t.services.ZFrontierCheckerService - skipped 【IC】THOK Resin/Metal Galaxy 金属树脂银河艺术个性键帽 - https://www.zfrontier.com/app/flow/BzGv1aLLONz7
2025-03-12 20:42:34 DEBUG [DefaultDispatcher-worker-3] org.ktorm.database - SQL: select news.id as news_id, news."name" as news_name, news.originalname as news_originalname, news.source_id as news_source_id, news.link as news_link, news."timestamp" as news_timestamp, _ref0.id as _ref0_id, _ref0."name" as _ref0_name from news left join newssource as _ref0 on news.source_id = _ref0.id where (news.originalname = ?) and (news.source_id = ?) limit ? 
2025-03-12 20:42:34 DEBUG [DefaultDispatcher-worker-3] org.ktorm.database - Parameters: [【GB】GIFT BOX junior个性键帽架(text), 2(int), 1(int)]
2025-03-12 20:42:34 DEBUG [DefaultDispatcher-worker-3] org.ktorm.database - Results: 1
2025-03-12 20:42:34 TRACE [DefaultDispatcher-worker-3] org.ktorm.database - Entity: News(id=62, name=[ZF]【GB】GIFT BOX Junior Personalized Keycap Rack, originalName=【GB】GIFT BOX junior个性键帽架, sourceId=NewsSourceEntity(id=2, name=ZF), link=https://www.zfrontier.com/app/flow/Lr1nLl9GjxjZ, timestamp=2025.03.12 08:39 UTC+3)
2025-03-12 20:42:34 INFO  [DefaultDispatcher-worker-3] c.t.services.ZFrontierCheckerService - skipped 【GB】GIFT BOX junior个性键帽架 - https://www.zfrontier.com/app/flow/Lr1nLl9GjxjZ
2025-03-12 20:42:34 DEBUG [DefaultDispatcher-worker-3] org.ktorm.database - SQL: select news.id as news_id, news."name" as news_name, news.originalname as news_originalname, news.source_id as news_source_id, news.link as news_link, news."timestamp" as news_timestamp, _ref0.id as _ref0_id, _ref0."name" as _ref0_name from news left join newssource as _ref0 on news.source_id = _ref0.id where (news.originalname = ?) and (news.source_id = ?) limit ? 
2025-03-12 20:42:34 DEBUG [DefaultDispatcher-worker-3] org.ktorm.database - Parameters: [上新【花子君】系列个性主题键帽(text), 2(int), 1(int)]
2025-03-12 20:42:34 DEBUG [DefaultDispatcher-worker-3] org.ktorm.database - Results: 1
2025-03-12 20:42:34 TRACE [DefaultDispatcher-worker-3] org.ktorm.database - Entity: News(id=63, name=[ZF]New [Hanoko] series of personalized theme keycaps, originalName=上新【花子君】系列个性主题键帽, sourceId=NewsSourceEntity(id=2, name=ZF), link=https://www.zfrontier.com/app/flow/wA7ABq8M7oyp, timestamp=2025.03.12 03:55 UTC+3)
2025-03-12 20:42:34 INFO  [DefaultDispatcher-worker-3] c.t.services.ZFrontierCheckerService - skipped 上新【花子君】系列个性主题键帽 - https://www.zfrontier.com/app/flow/wA7ABq8M7oyp
2025-03-12 20:42:34 DEBUG [DefaultDispatcher-worker-3] org.ktorm.database - SQL: select news.id as news_id, news."name" as news_name, news.originalname as news_originalname, news.source_id as news_source_id, news.link as news_link, news."timestamp" as news_timestamp, _ref0.id as _ref0_id, _ref0."name" as _ref0_name from news left join newssource as _ref0 on news.source_id = _ref0.id where (news.originalname = ?) and (news.source_id = ?) limit ? 
2025-03-12 20:42:34 DEBUG [DefaultDispatcher-worker-3] org.ktorm.database - Parameters: [[GB]SOULCAT×SPM 绿箭轴 0.9元入门客制化轴体(text), 2(int), 1(int)]
2025-03-12 20:42:34 DEBUG [DefaultDispatcher-worker-3] org.ktorm.database - Results: 1
2025-03-12 20:42:34 TRACE [DefaultDispatcher-worker-3] org.ktorm.database - Entity: News(id=64, name=[ZF][GB]SOULCAT×SPM Green Arrow Shaft 0.9 yuan entry-level customized shaft body, originalName=[GB]SOULCAT×SPM 绿箭轴 0.9元入门客制化轴体, sourceId=NewsSourceEntity(id=2, name=ZF), link=https://www.zfrontier.com/app/flow/gZ73lJrkPBg1, timestamp=2025.03.12 03:55 UTC+3)
2025-03-12 20:42:34 INFO  [DefaultDispatcher-worker-3] c.t.services.ZFrontierCheckerService - skipped [GB]SOULCAT×SPM 绿箭轴 0.9元入门客制化轴体 - https://www.zfrontier.com/app/flow/gZ73lJrkPBg1
2025-03-12 20:42:34 DEBUG [DefaultDispatcher-worker-3] org.ktorm.database - SQL: select news.id as news_id, news."name" as news_name, news.originalname as news_originalname, news.source_id as news_source_id, news.link as news_link, news."timestamp" as news_timestamp, _ref0.id as _ref0_id, _ref0."name" as _ref0_name from news left join newssource as _ref0 on news.source_id = _ref0.id where (news.originalname = ?) and (news.source_id = ?) limit ? 
2025-03-12 20:42:34 DEBUG [DefaultDispatcher-worker-3] org.ktorm.database - Parameters: [【GB】 LANWI 单晶铜磁轴航插线(text), 2(int), 1(int)]
2025-03-12 20:42:34 DEBUG [DefaultDispatcher-worker-3] org.ktorm.database - Results: 1
2025-03-12 20:42:34 TRACE [DefaultDispatcher-worker-3] org.ktorm.database - Entity: News(id=59, name=[ZF]【GB】 LANWI single crystal copper magnetic shaft navigation cable, originalName=【GB】 LANWI 单晶铜磁轴航插线, sourceId=NewsSourceEntity(id=2, name=ZF), link=https://www.zfrontier.com/app/flow/Bkm1Mp3RzGml, timestamp=2025.03.12 03:52 UTC+3)
2025-03-12 20:42:34 INFO  [DefaultDispatcher-worker-3] c.t.services.ZFrontierCheckerService - skipped 【GB】 LANWI 单晶铜磁轴航插线 - https://www.zfrontier.com/app/flow/Bkm1Mp3RzGml
2025-03-12 20:42:34 DEBUG [DefaultDispatcher-worker-3] org.ktorm.database - SQL: select news.id as news_id, news."name" as news_name, news.originalname as news_originalname, news.source_id as news_source_id, news.link as news_link, news."timestamp" as news_timestamp, _ref0.id as _ref0_id, _ref0."name" as _ref0_name from news left join newssource as _ref0 on news.source_id = _ref0.id where (news.originalname = ?) and (news.source_id = ?) limit ? 
2025-03-12 20:42:34 DEBUG [DefaultDispatcher-worker-3] org.ktorm.database - Parameters: [【GB】禄星轴 线性闷响 3.18开售(text), 2(int), 1(int)]
2025-03-12 20:42:34 DEBUG [DefaultDispatcher-worker-3] org.ktorm.database - Results: 1
2025-03-12 20:42:34 TRACE [DefaultDispatcher-worker-3] org.ktorm.database - Entity: News(id=60, name=[ZF]【GB】Lu Xingxi axis Linear muffled sound 3.18 on sale, originalName=【GB】禄星轴 线性闷响 3.18开售, sourceId=NewsSourceEntity(id=2, name=ZF), link=https://www.zfrontier.com/app/flow/zy7YYkBnjj09, timestamp=2025.03.12 03:52 UTC+3)
2025-03-12 20:42:34 INFO  [DefaultDispatcher-worker-3] c.t.services.ZFrontierCheckerService - skipped 【GB】禄星轴 线性闷响 3.18开售 - https://www.zfrontier.com/app/flow/zy7YYkBnjj09
2025-03-12 20:42:34 DEBUG [DefaultDispatcher-worker-3] org.ktorm.database - SQL: select news.id as news_id, news."name" as news_name, news.originalname as news_originalname, news.source_id as news_source_id, news.link as news_link, news."timestamp" as news_timestamp, _ref0.id as _ref0_id, _ref0."name" as _ref0_name from news left join newssource as _ref0 on news.source_id = _ref0.id where (news.originalname = ?) and (news.source_id = ?) limit ? 
2025-03-12 20:42:34 DEBUG [DefaultDispatcher-worker-3] org.ktorm.database - Parameters: [【GB】QK Alice Duo(text), 2(int), 1(int)]
2025-03-12 20:42:34 DEBUG [DefaultDispatcher-worker-3] org.ktorm.database - Results: 1
2025-03-12 20:42:34 TRACE [DefaultDispatcher-worker-3] org.ktorm.database - Entity: News(id=56, name=[ZF]【GB】 QK Alice Duo, originalName=【GB】QK Alice Duo, sourceId=NewsSourceEntity(id=2, name=ZF), link=https://www.zfrontier.com/app/flow/OxLLb9mOjWvK, timestamp=2025.03.12 02:02 UTC+3)
2025-03-12 20:42:34 INFO  [DefaultDispatcher-worker-3] c.t.services.ZFrontierCheckerService - skipped 【GB】QK Alice Duo - https://www.zfrontier.com/app/flow/OxLLb9mOjWvK
2025-03-12 20:42:34 DEBUG [DefaultDispatcher-worker-3] org.ktorm.database - SQL: select news.id as news_id, news."name" as news_name, news.originalname as news_originalname, news.source_id as news_source_id, news.link as news_link, news."timestamp" as news_timestamp, _ref0.id as _ref0_id, _ref0."name" as _ref0_name from news left join newssource as _ref0 on news.source_id = _ref0.id where (news.originalname = ?) and (news.source_id = ?) limit ? 
2025-03-12 20:42:34 DEBUG [DefaultDispatcher-worker-3] org.ktorm.database - Parameters: [【补货&抽奖】HMX雪花轴第二批次补货(text), 2(int), 1(int)]
2025-03-12 20:42:34 DEBUG [DefaultDispatcher-worker-3] org.ktorm.database - Results: 1
2025-03-12 20:42:34 TRACE [DefaultDispatcher-worker-3] org.ktorm.database - Entity: News(id=58, name=[ZF]【Replenishment & Lottery】HMX Snowflake Shaft Recharge Second Batch Replenishment, originalName=【补货&抽奖】HMX雪花轴第二批次补货, sourceId=NewsSourceEntity(id=2, name=ZF), link=https://www.zfrontier.com/app/flow/9rz9P9lrlKkN, timestamp=2025.03.12 20:51 UTC+3)
2025-03-12 20:42:34 INFO  [DefaultDispatcher-worker-3] c.t.services.ZFrontierCheckerService - skipped 【补货&抽奖】HMX雪花轴第二批次补货 - https://www.zfrontier.com/app/flow/9rz9P9lrlKkN
2025-03-12 20:42:34 DEBUG [DefaultDispatcher-worker-3] org.ktorm.database - SQL: select news.id as news_id, news."name" as news_name, news.originalname as news_originalname, news.source_id as news_source_id, news.link as news_link, news."timestamp" as news_timestamp, _ref0.id as _ref0_id, _ref0."name" as _ref0_name from news left join newssource as _ref0 on news.source_id = _ref0.id where (news.originalname = ?) and (news.source_id = ?) limit ? 
2025-03-12 20:42:34 DEBUG [DefaultDispatcher-worker-3] org.ktorm.database - Parameters: [【GB】 财源滚滚福利到(text), 2(int), 1(int)]
2025-03-12 20:42:34 DEBUG [DefaultDispatcher-worker-3] org.ktorm.database - Results: 1
2025-03-12 20:42:34 TRACE [DefaultDispatcher-worker-3] org.ktorm.database - Entity: News(id=53, name=[ZF]【GB】 Wealth and benefits are coming, originalName=【GB】 财源滚滚福利到, sourceId=NewsSourceEntity(id=2, name=ZF), link=https://www.zfrontier.com/app/flow/wOWGrpWjGn3p, timestamp=2025.03.11 09:44 UTC+3)
2025-03-12 20:42:34 INFO  [DefaultDispatcher-worker-3] c.t.services.ZFrontierCheckerService - skipped 【GB】 财源滚滚福利到 - https://www.zfrontier.com/app/flow/wOWGrpWjGn3p
2025-03-12 20:42:34 DEBUG [DefaultDispatcher-worker-3] org.ktorm.database - SQL: select news.id as news_id, news."name" as news_name, news.originalname as news_originalname, news.source_id as news_source_id, news.link as news_link, news."timestamp" as news_timestamp, _ref0.id as _ref0_id, _ref0."name" as _ref0_name from news left join newssource as _ref0 on news.source_id = _ref0.id where (news.originalname = ?) and (news.source_id = ?) limit ? 
2025-03-12 20:42:34 DEBUG [DefaultDispatcher-worker-3] org.ktorm.database - Parameters: [Purple Ecstasy Bella和Tiramisu Bella抽奖销售(text), 2(int), 1(int)]
2025-03-12 20:42:34 DEBUG [DefaultDispatcher-worker-3] org.ktorm.database - Results: 1
2025-03-12 20:42:34 TRACE [DefaultDispatcher-worker-3] org.ktorm.database - Entity: News(id=54, name=[ZF]Purple Ecstasy Bella and Tiramisu Bella Sweepstakes Sales, originalName=Purple Ecstasy Bella和Tiramisu Bella抽奖销售, sourceId=NewsSourceEntity(id=2, name=ZF), link=https://www.zfrontier.com/app/flow/a5xz9Olrky61, timestamp=2025.03.11 10:45 UTC+3)
2025-03-12 20:42:34 INFO  [DefaultDispatcher-worker-3] c.t.services.ZFrontierCheckerService - skipped Purple Ecstasy Bella和Tiramisu Bella抽奖销售 - https://www.zfrontier.com/app/flow/a5xz9Olrky61
2025-03-12 20:42:34 DEBUG [DefaultDispatcher-worker-3] org.ktorm.database - SQL: select news.id as news_id, news."name" as news_name, news.originalname as news_originalname, news.source_id as news_source_id, news.link as news_link, news."timestamp" as news_timestamp, _ref0.id as _ref0_id, _ref0."name" as _ref0_name from news left join newssource as _ref0 on news.source_id = _ref0.id where (news.originalname = ?) and (news.source_id = ?) limit ? 
2025-03-12 20:42:34 DEBUG [DefaultDispatcher-worker-3] org.ktorm.database - Parameters: [[ Ic ] THOK Enter 225u Snow Mountain Enter雪山河流金属键帽(text), 2(int), 1(int)]
2025-03-12 20:42:34 DEBUG [DefaultDispatcher-worker-3] org.ktorm.database - Results: 1
2025-03-12 20:42:34 TRACE [DefaultDispatcher-worker-3] org.ktorm.database - Entity: News(id=55, name=[ZF][ Ic ] THOK Enter 225u Snow Mountain Enter Snow Mountain River Metal Keycap, originalName=[ Ic ] THOK Enter 225u Snow Mountain Enter雪山河流金属键帽, sourceId=NewsSourceEntity(id=2, name=ZF), link=https://www.zfrontier.com/app/flow/VawogpxMbLNx, timestamp=2025.03.11 09:45 UTC+3)
2025-03-12 20:42:34 INFO  [DefaultDispatcher-worker-3] c.t.services.ZFrontierCheckerService - skipped [ Ic ] THOK Enter 225u Snow Mountain Enter雪山河流金属键帽 - https://www.zfrontier.com/app/flow/VawogpxMbLNx
2025-03-12 20:42:34 DEBUG [DefaultDispatcher-worker-3] org.ktorm.database - SQL: select news.id as news_id, news."name" as news_name, news.originalname as news_originalname, news.source_id as news_source_id, news.link as news_link, news."timestamp" as news_timestamp, _ref0.id as _ref0_id, _ref0."name" as _ref0_name from news left join newssource as _ref0 on news.source_id = _ref0.id where (news.originalname = ?) and (news.source_id = ?) limit ? 
2025-03-12 20:42:34 DEBUG [DefaultDispatcher-worker-3] org.ktorm.database - Parameters: [每次使用都感觉自己在汲取太阳的能量！ 点亮你的桌面，感受太阳的温暖与力量~ 带你领略光与热的魅力。(text), 2(int), 1(int)]
2025-03-12 20:42:34 DEBUG [DefaultDispatcher-worker-3] org.ktorm.database - Results: 1
2025-03-12 20:42:34 TRACE [DefaultDispatcher-worker-3] org.ktorm.database - Entity: News(id=51, name=[ZF]Every time I use it, I feel like I am absorbing the energy of the sun! Light up your desktop and feel the warmth and power of the sun~ Take you to appreciate the charm of light and heat., originalName=每次使用都感觉自己在汲取太阳的能量！ 点亮你的桌面，感受太阳的温暖与力量~ 带你领略光与热的魅力。, sourceId=NewsSourceEntity(id=2, name=ZF), link=https://www.zfrontier.com/app/flow/LwkjwRApZnM3, timestamp=2025.03.11 09:41 UTC+3)
2025-03-12 20:42:34 INFO  [DefaultDispatcher-worker-3] c.t.services.ZFrontierCheckerService - skipped 每次使用都感觉自己在汲取太阳的能量！ 点亮你的桌面，感受太阳的温暖与力量~ 带你领略光与热的魅力。 - https://www.zfrontier.com/app/flow/LwkjwRApZnM3
2025-03-12 20:42:34 DEBUG [DefaultDispatcher-worker-3] org.ktorm.database - SQL: select news.id as news_id, news."name" as news_name, news.originalname as news_originalname, news.source_id as news_source_id, news.link as news_link, news."timestamp" as news_timestamp, _ref0.id as _ref0_id, _ref0."name" as _ref0_name from news left join newssource as _ref0 on news.source_id = _ref0.id where (news.originalname = ?) and (news.source_id = ?) limit ? 
2025-03-12 20:42:34 DEBUG [DefaultDispatcher-worker-3] org.ktorm.database - Parameters: [{GB} 一起翻开福尔摩斯的演绎法：贝克街221B的密码本(text), 2(int), 1(int)]
2025-03-12 20:42:34 DEBUG [DefaultDispatcher-worker-3] org.ktorm.database - Results: 1
2025-03-12 20:42:34 TRACE [DefaultDispatcher-worker-3] org.ktorm.database - Entity: News(id=52, name=[ZF]{GB} Let's open Sherlock Holmes's deduction: the cryptobook of 221B on Baker Street, originalName={GB} 一起翻开福尔摩斯的演绎法：贝克街221B的密码本, sourceId=NewsSourceEntity(id=2, name=ZF), link=https://www.zfrontier.com/app/flow/BvZ3VYaJWdjj, timestamp=2025.03.11 08:41 UTC+3)
2025-03-12 20:42:34 INFO  [DefaultDispatcher-worker-3] c.t.services.ZFrontierCheckerService - skipped {GB} 一起翻开福尔摩斯的演绎法：贝克街221B的密码本 - https://www.zfrontier.com/app/flow/BvZ3VYaJWdjj
2025-03-12 20:42:34 DEBUG [DefaultDispatcher-worker-3] org.ktorm.database - SQL: select news.id as news_id, news."name" as news_name, news.originalname as news_originalname, news.source_id as news_source_id, news.link as news_link, news."timestamp" as news_timestamp, _ref0.id as _ref0_id, _ref0."name" as _ref0_name from news left join newssource as _ref0 on news.source_id = _ref0.id where (news.originalname = ?) and (news.source_id = ?) limit ? 
2025-03-12 20:42:34 DEBUG [DefaultDispatcher-worker-3] org.ktorm.database - Parameters: [【这是一个总价值超1万的纯福利贴】厂高版-“月背文明”键帽(text), 2(int), 1(int)]
2025-03-12 20:42:34 DEBUG [DefaultDispatcher-worker-3] org.ktorm.database - Results: 1
2025-03-12 20:42:34 TRACE [DefaultDispatcher-worker-3] org.ktorm.database - Entity: News(id=48, name=[ZF]【This is a pure welfare note with a total value of over 10,000】 Factory high-end version-"Moonback Civilization" keycap, originalName=【这是一个总价值超1万的纯福利贴】厂高版-“月背文明”键帽, sourceId=NewsSourceEntity(id=2, name=ZF), link=https://www.zfrontier.com/app/flow/nA6pNAAw6NPo, timestamp=2025.03.11 08:13 UTC+3)
2025-03-12 20:42:34 INFO  [DefaultDispatcher-worker-3] c.t.services.ZFrontierCheckerService - skipped 【这是一个总价值超1万的纯福利贴】厂高版-“月背文明”键帽 - https://www.zfrontier.com/app/flow/nA6pNAAw6NPo
2025-03-12 20:42:34 DEBUG [DefaultDispatcher-worker-3] org.ktorm.database - SQL: select news.id as news_id, news."name" as news_name, news.originalname as news_originalname, news.source_id as news_source_id, news.link as news_link, news."timestamp" as news_timestamp, _ref0.id as _ref0_id, _ref0."name" as _ref0_name from news left join newssource as _ref0 on news.source_id = _ref0.id where (news.originalname = ?) and (news.source_id = ?) limit ? 
2025-03-12 20:42:34 DEBUG [DefaultDispatcher-worker-3] org.ktorm.database - Parameters: [[ IC ] THOK Enter 225u Gold Dragon金龙黄铜金属(text), 2(int), 1(int)]
2025-03-12 20:42:34 DEBUG [DefaultDispatcher-worker-3] org.ktorm.database - Results: 1
2025-03-12 20:42:34 TRACE [DefaultDispatcher-worker-3] org.ktorm.database - Entity: News(id=49, name=[ZF][IC] THOK Enter 225u Gold Dragon Brass Metal, originalName=[ IC ] THOK Enter 225u Gold Dragon金龙黄铜金属, sourceId=NewsSourceEntity(id=2, name=ZF), link=https://www.zfrontier.com/app/flow/VRArNg5aqLoz, timestamp=2025.03.11 07:39 UTC+3)
2025-03-12 20:42:34 INFO  [DefaultDispatcher-worker-3] c.t.services.ZFrontierCheckerService - skipped [ IC ] THOK Enter 225u Gold Dragon金龙黄铜金属 - https://www.zfrontier.com/app/flow/VRArNg5aqLoz
2025-03-12 20:42:34 DEBUG [DefaultDispatcher-worker-3] org.ktorm.database - SQL: select news.id as news_id, news."name" as news_name, news.originalname as news_originalname, news.source_id as news_source_id, news.link as news_link, news."timestamp" as news_timestamp, _ref0.id as _ref0_id, _ref0."name" as _ref0_name from news left join newssource as _ref0 on news.source_id = _ref0.id where (news.originalname = ?) and (news.source_id = ?) limit ? 
2025-03-12 20:42:34 DEBUG [DefaultDispatcher-worker-3] org.ktorm.database - Parameters: [上新【葫芦山】七彩峰个性主题键帽(text), 2(int), 1(int)]
2025-03-12 20:42:34 DEBUG [DefaultDispatcher-worker-3] org.ktorm.database - Results: 1
2025-03-12 20:42:34 TRACE [DefaultDispatcher-worker-3] org.ktorm.database - Entity: News(id=50, name=[ZF]New 【Hulushan】Seven Colorful Peak Personalized Theme Keycap, originalName=上新【葫芦山】七彩峰个性主题键帽, sourceId=NewsSourceEntity(id=2, name=ZF), link=https://www.zfrontier.com/app/flow/VmvRdxqmx6Br, timestamp=2025.03.11 07:39 UTC+3)
2025-03-12 20:42:34 INFO  [DefaultDispatcher-worker-3] c.t.services.ZFrontierCheckerService - skipped 上新【葫芦山】七彩峰个性主题键帽 - https://www.zfrontier.com/app/flow/VmvRdxqmx6Br
2025-03-12 20:42:34 INFO  [DefaultDispatcher-worker-3] c.t.services.ZFrontierCheckerService - skipped Error - https://www.zfrontier.comnull
2025-03-12 20:42:34 INFO  [DefaultDispatcher-worker-3] c.t.services.ZFrontierCheckerService - skipped Error - https://www.zfrontier.comnull
2025-03-12 20:42:34 INFO  [DefaultDispatcher-worker-3] c.t.services.ZFrontierCheckerService - skipped Error - https://www.zfrontier.comnull
2025-03-12 20:42:34 INFO  [DefaultDispatcher-worker-3] c.t.services.ZFrontierCheckerService - skipped Error - https://www.zfrontier.comnull
2025-03-12 20:42:34 INFO  [DefaultDispatcher-worker-3] c.t.services.ZFrontierCheckerService - job done, waiting for 2 hours
2025-03-12 20:42:47 ERROR [DefaultDispatcher-worker-4] i.k.server.application.Application - some error appeared in background job:Job was cancelled
