2025-03-02 20:07:01 TRACE [DefaultDispatcher-worker-5] i.k.client.plugins.HttpCallValidator - Validating response for request https://ftapi.pythonanywhere.com/translate?dl=en&text=%E3%80%90GB%E3%80%91mqm%E4%B8%AA%E6%80%A7%E9%94%AE%E5%B8%BD
2025-03-02 20:07:01 TRACE [DefaultDispatcher-worker-5] i.k.c.p.DefaultResponseValidation - Skipping default response validation for https://ftapi.pythonanywhere.com/translate?dl=en&text=%E3%80%90GB%E3%80%91mqm%E4%B8%AA%E6%80%A7%E9%94%AE%E5%B8%BD
2025-03-02 20:07:01 INFO  [DefaultDispatcher-worker-6] io.ktor.client.HttpClient - RESPONSE: 200 OK
METHOD: HttpMethod(value=GET)
FROM: https://ftapi.pythonanywhere.com/translate?dl=en&text=%E3%80%90GB%E3%80%91mqm%E4%B8%AA%E6%80%A7%E9%94%AE%E5%B8%BD
BODY Content-Type: application/json
BODY START
{"source-language": "zh-CN", "source-text": "\u3010GB\u3011mqm\u4e2a\u6027\u952e\u5e3d", "destination-language": "en", "destination-text": "\u3010GB\u3011mqm Personalized Keycap", "pronunciation": {"source-text-phonetic": "[GB]mqm g\u00e8x\u00ecng ji\u00e0n m\u00e0o", "source-text-audio": "https://translate.google.com/translate_tts?ie=UTF-&&client=tw-ob&tl=zh-CN&q=\u3010GB\u3011mqm\u4e2a\u6027\u952e\u5e3d", "destination-text-audio": "https://translate.google.com/translate_tts?ie=UTF-&&client=tw-ob&tl=en&q=\u3010GB\u3011mqm%20Personalized%20Keycap"}, "translations": {"all-translations": null, "possible-translations": ["\u3010GB\u3011mqm Personalized Keycap"], "possible-mistakes": null}, "definitions": null, "see-also": null}
BODY END
2025-03-02 20:07:01 TRACE [DefaultDispatcher-worker-5] i.k.c.plugins.defaultTransformers - Transformed with default transformers response body for https://ftapi.pythonanywhere.com/translate?dl=en&text=%E3%80%90GB%E3%80%91mqm%E4%B8%AA%E6%80%A7%E9%94%AE%E5%B8%BD to class kotlinx.io.Source
2025-03-02 20:07:01 INFO  [DefaultDispatcher-worker-5] c.t.services.ZFrontierCheckerService - 【GB】mqm个性键帽 - https://www.zfrontier.com/app/flow/JMmWQQvZ3qGK - 2025.02.28 20:07 UTC+3
2025-03-02 20:07:11 INFO  [DefaultDispatcher-worker-7] c.t.services.ZFrontierCheckerService - Sending single photo: {chat_id=@TopreThoc, photo=https://img.zfrontier.com/post/Fj7x6UGrywQY6su7OW4R62Nsfd-E.png-cover480.webp, caption=[ZF] 【GB】mqm Personalized Keycap - https://www.zfrontier.com/app/flow/JMmWQQvZ3qGK}
2025-03-02 20:07:11 TRACE [DefaultDispatcher-worker-7] i.k.c.p.c.ContentNegotiation - Adding Accept=application header for https://api.telegram.org/bot7806136583:AAFZTO7ufHr6CUasULRAkCosEz-43lnOXnQ/sendPhoto
2025-03-02 20:07:11 TRACE [DefaultDispatcher-worker-7] i.k.c.p.c.ContentNegotiation - Adding Accept=application header for https://api.telegram.org/bot7806136583:AAFZTO7ufHr6CUasULRAkCosEz-43lnOXnQ/sendPhoto
2025-03-02 20:07:11 TRACE [DefaultDispatcher-worker-7] i.k.c.p.c.ContentNegotiation - Converted request body using io.ktor.serialization.kotlinx.KotlinxSerializationConverter@b5d1ce4 for https://api.telegram.org/bot7806136583:AAFZTO7ufHr6CUasULRAkCosEz-43lnOXnQ/sendPhoto
2025-03-02 20:07:11 TRACE [DefaultDispatcher-worker-7] i.ktor.client.plugins.HttpPlainText - Adding Accept-Charset=UTF-8 to https://api.telegram.org/bot7806136583:AAFZTO7ufHr6CUasULRAkCosEz-43lnOXnQ/sendPhoto
2025-03-02 20:07:11 TRACE [DefaultDispatcher-worker-7] i.k.c.plugins.defaultTransformers - Transformed with default transformers request body for https://api.telegram.org/bot7806136583:AAFZTO7ufHr6CUasULRAkCosEz-43lnOXnQ/sendPhoto from class io.ktor.http.content.TextContent
2025-03-02 20:07:11 INFO  [DefaultDispatcher-worker-1] io.ktor.client.HttpClient - REQUEST: https://api.telegram.org/bot7806136583:AAFZTO7ufHr6CUasULRAkCosEz-43lnOXnQ/sendPhoto
METHOD: HttpMethod(value=POST)
BODY Content-Type: application/json
BODY START
{"chat_id":"@TopreThoc","photo":"https://img.zfrontier.com/post/Fj7x6UGrywQY6su7OW4R62Nsfd-E.png-cover480.webp","caption":"[ZF] 【GB】mqm Personalized Keycap - https://www.zfrontier.com/app/flow/JMmWQQvZ3qGK"}
BODY END
2025-03-02 20:07:12 TRACE [DefaultDispatcher-worker-6] i.k.client.plugins.HttpCallValidator - Validating response for request https://api.telegram.org/bot7806136583:AAFZTO7ufHr6CUasULRAkCosEz-43lnOXnQ/sendPhoto
2025-03-02 20:07:12 TRACE [DefaultDispatcher-worker-6] i.k.c.p.DefaultResponseValidation - Skipping default response validation for https://api.telegram.org/bot7806136583:AAFZTO7ufHr6CUasULRAkCosEz-43lnOXnQ/sendPhoto
2025-03-02 20:07:12 INFO  [DefaultDispatcher-worker-4] io.ktor.client.HttpClient - RESPONSE: 200 OK
METHOD: HttpMethod(value=POST)
FROM: https://api.telegram.org/bot7806136583:AAFZTO7ufHr6CUasULRAkCosEz-43lnOXnQ/sendPhoto
BODY Content-Type: application/json
BODY START
{"ok":true,"result":{"message_id":1864,"sender_chat":{"id":-1002295418276,"title":"Thocc News","username":"TopreThoc","type":"channel"},"chat":{"id":-1002295418276,"title":"Thocc News","username":"TopreThoc","type":"channel"},"date":1740935233,"photo":[{"file_id":"AgACAgQAAyEGAASI0U2kAAIHSGfEkEFGbiwE5QtNMvlRYwABRizpaQACFbkxG_wlJVKRLbhX-H_RLAEAAwIAA3MAAzYE","file_unique_id":"AQADFbkxG_wlJVJ4","file_size":1010,"width":90,"height":74},{"file_id":"AgACAgQAAyEGAASI0U2kAAIHSGfEkEFGbiwE5QtNMvlRYwABRizpaQACFbkxG_wlJVKRLbhX-H_RLAEAAwIAA20AAzYE","file_unique_id":"AQADFbkxG_wlJVJy","file_size":12586,"width":320,"height":264},{"file_id":"AgACAgQAAyEGAASI0U2kAAIHSGfEkEFGbiwE5QtNMvlRYwABRizpaQACFbkxG_wlJVKRLbhX-H_RLAEAAwIAA3gAAzYE","file_unique_id":"AQADFbkxG_wlJVJ9","file_size":22133,"width":480,"height":396}],"caption":"[ZF] \u3010GB\u3011mqm Personalized Keycap - https://www.zfrontier.com/app/flow/JMmWQQvZ3qGK","caption_entities":[{"offset":35,"length":47,"type":"url"}]}}
BODY END
2025-03-02 20:07:12 TRACE [DefaultDispatcher-worker-6] i.k.c.plugins.defaultTransformers - Transformed with default transformers response body for https://api.telegram.org/bot7806136583:AAFZTO7ufHr6CUasULRAkCosEz-43lnOXnQ/sendPhoto to class kotlinx.io.Source
2025-03-02 20:07:12 INFO  [DefaultDispatcher-worker-6] c.t.services.ZFrontierCheckerService - Single photo response: {"ok":true,"result":{"message_id":1864,"sender_chat":{"id":-1002295418276,"title":"Thocc News","username":"TopreThoc","type":"channel"},"chat":{"id":-1002295418276,"title":"Thocc News","username":"TopreThoc","type":"channel"},"date":1740935233,"photo":[{"file_id":"AgACAgQAAyEGAASI0U2kAAIHSGfEkEFGbiwE5QtNMvlRYwABRizpaQACFbkxG_wlJVKRLbhX-H_RLAEAAwIAA3MAAzYE","file_unique_id":"AQADFbkxG_wlJVJ4","file_size":1010,"width":90,"height":74},{"file_id":"AgACAgQAAyEGAASI0U2kAAIHSGfEkEFGbiwE5QtNMvlRYwABRizpaQACFbkxG_wlJVKRLbhX-H_RLAEAAwIAA20AAzYE","file_unique_id":"AQADFbkxG_wlJVJy","file_size":12586,"width":320,"height":264},{"file_id":"AgACAgQAAyEGAASI0U2kAAIHSGfEkEFGbiwE5QtNMvlRYwABRizpaQACFbkxG_wlJVKRLbhX-H_RLAEAAwIAA3gAAzYE","file_unique_id":"AQADFbkxG_wlJVJ9","file_size":22133,"width":480,"height":396}],"caption":"[ZF] \u3010GB\u3011mqm Personalized Keycap - https://www.zfrontier.com/app/flow/JMmWQQvZ3qGK","caption_entities":[{"offset":35,"length":47,"type":"url"}]}}
2025-03-02 20:07:12 DEBUG [DefaultDispatcher-worker-6] org.ktorm.database - SQL: insert into news ("name", originalname, source_id, link, "timestamp") values (?, ?, ?, ?, ?) 
2025-03-02 20:07:12 DEBUG [DefaultDispatcher-worker-6] org.ktorm.database - Parameters: [[ZF]【GB】mqm Personalized Keycap(text), 【GB】mqm个性键帽(text), 2(int), https://www.zfrontier.com/app/flow/JMmWQQvZ3qGK(text), 2025.02.28 20:07 UTC+3(text)]
2025-03-02 20:07:12 DEBUG [DefaultDispatcher-worker-6] org.ktorm.database - Effects: 1
2025-03-02 20:07:12 DEBUG [DefaultDispatcher-worker-6] org.ktorm.database - Generated Key: 13
2025-03-02 20:07:12 INFO  [DefaultDispatcher-worker-6] com.thocc.services.NewsService - Check DB! News: [ZF]【GB】mqm Personalized Keycap must appeared
2025-03-02 20:07:12 DEBUG [DefaultDispatcher-worker-6] org.ktorm.database - SQL: select news.id as news_id, news."name" as news_name, news.originalname as news_originalname, news.source_id as news_source_id, news.link as news_link, news."timestamp" as news_timestamp, _ref0.id as _ref0_id, _ref0."name" as _ref0_name from news left join newssource as _ref0 on news.source_id = _ref0.id where (news.originalname = ?) and (news.source_id = ?) limit ? 
2025-03-02 20:07:12 DEBUG [DefaultDispatcher-worker-6] org.ktorm.database - Parameters: [AM SilkGlass：操作鼠标自带“悬浮感”的鼠标垫(text), 2(int), 1(int)]
2025-03-02 20:07:12 DEBUG [DefaultDispatcher-worker-6] org.ktorm.database - Results: 0
2025-03-02 20:07:12 DEBUG [DefaultDispatcher-worker-6] org.ktorm.database - SQL: select news.id as news_id, news."name" as news_name, news.originalname as news_originalname, news.source_id as news_source_id, news.link as news_link, news."timestamp" as news_timestamp, _ref0.id as _ref0_id, _ref0."name" as _ref0_name from news left join newssource as _ref0 on news.source_id = _ref0.id where news.link = ? limit ? 
2025-03-02 20:07:12 DEBUG [DefaultDispatcher-worker-6] org.ktorm.database - Parameters: [https://www.zfrontier.com/app/flow/aqMPndWvbmkW(text), 1(int)]
2025-03-02 20:07:12 DEBUG [DefaultDispatcher-worker-6] org.ktorm.database - Results: 0
2025-03-02 20:07:12 INFO  [DefaultDispatcher-worker-6] c.t.services.ZFrontierCheckerService - passed https://www.zfrontier.com/app/flow/aqMPndWvbmkW
2025-03-02 20:07:12 TRACE [DefaultDispatcher-worker-6] i.k.c.p.c.ContentNegotiation - Adding Accept=application header for https://ftapi.pythonanywhere.com/translate?dl=en&text=AM+SilkGlass%EF%BC%9A%E6%93%8D%E4%BD%9C%E9%BC%A0%E6%A0%87%E8%87%AA%E5%B8%A6%E2%80%9C%E6%82%AC%E6%B5%AE%E6%84%9F%E2%80%9D%E7%9A%84%E9%BC%A0%E6%A0%87%E5%9E%AB
2025-03-02 20:07:12 TRACE [DefaultDispatcher-worker-6] i.k.c.p.c.ContentNegotiation - Adding Accept=application header for https://ftapi.pythonanywhere.com/translate?dl=en&text=AM+SilkGlass%EF%BC%9A%E6%93%8D%E4%BD%9C%E9%BC%A0%E6%A0%87%E8%87%AA%E5%B8%A6%E2%80%9C%E6%82%AC%E6%B5%AE%E6%84%9F%E2%80%9D%E7%9A%84%E9%BC%A0%E6%A0%87%E5%9E%AB
2025-03-02 20:07:12 TRACE [DefaultDispatcher-worker-6] i.k.c.p.c.ContentNegotiation - Body type class io.ktor.client.utils.EmptyContent is in ignored types. Skipping ContentNegotiation for https://ftapi.pythonanywhere.com/translate?dl=en&text=AM+SilkGlass%EF%BC%9A%E6%93%8D%E4%BD%9C%E9%BC%A0%E6%A0%87%E8%87%AA%E5%B8%A6%E2%80%9C%E6%82%AC%E6%B5%AE%E6%84%9F%E2%80%9D%E7%9A%84%E9%BC%A0%E6%A0%87%E5%9E%AB.
2025-03-02 20:07:12 TRACE [DefaultDispatcher-worker-6] i.ktor.client.plugins.HttpPlainText - Adding Accept-Charset=UTF-8 to https://ftapi.pythonanywhere.com/translate?dl=en&text=AM+SilkGlass%EF%BC%9A%E6%93%8D%E4%BD%9C%E9%BC%A0%E6%A0%87%E8%87%AA%E5%B8%A6%E2%80%9C%E6%82%AC%E6%B5%AE%E6%84%9F%E2%80%9D%E7%9A%84%E9%BC%A0%E6%A0%87%E5%9E%AB
2025-03-02 20:07:12 INFO  [DefaultDispatcher-worker-7] io.ktor.client.HttpClient - REQUEST: https://ftapi.pythonanywhere.com/translate?dl=en&text=AM+SilkGlass%EF%BC%9A%E6%93%8D%E4%BD%9C%E9%BC%A0%E6%A0%87%E8%87%AA%E5%B8%A6%E2%80%9C%E6%82%AC%E6%B5%AE%E6%84%9F%E2%80%9D%E7%9A%84%E9%BC%A0%E6%A0%87%E5%9E%AB
METHOD: HttpMethod(value=GET)
BODY Content-Type: null
BODY START

BODY END
2025-03-02 20:07:14 TRACE [DefaultDispatcher-worker-7] i.k.client.plugins.HttpCallValidator - Validating response for request https://ftapi.pythonanywhere.com/translate?dl=en&text=AM+SilkGlass%EF%BC%9A%E6%93%8D%E4%BD%9C%E9%BC%A0%E6%A0%87%E8%87%AA%E5%B8%A6%E2%80%9C%E6%82%AC%E6%B5%AE%E6%84%9F%E2%80%9D%E7%9A%84%E9%BC%A0%E6%A0%87%E5%9E%AB
2025-03-02 20:07:14 TRACE [DefaultDispatcher-worker-7] i.k.c.p.DefaultResponseValidation - Skipping default response validation for https://ftapi.pythonanywhere.com/translate?dl=en&text=AM+SilkGlass%EF%BC%9A%E6%93%8D%E4%BD%9C%E9%BC%A0%E6%A0%87%E8%87%AA%E5%B8%A6%E2%80%9C%E6%82%AC%E6%B5%AE%E6%84%9F%E2%80%9D%E7%9A%84%E9%BC%A0%E6%A0%87%E5%9E%AB
2025-03-02 20:07:14 INFO  [DefaultDispatcher-worker-10] io.ktor.client.HttpClient - RESPONSE: 200 OK
METHOD: HttpMethod(value=GET)
FROM: https://ftapi.pythonanywhere.com/translate?dl=en&text=AM+SilkGlass%EF%BC%9A%E6%93%8D%E4%BD%9C%E9%BC%A0%E6%A0%87%E8%87%AA%E5%B8%A6%E2%80%9C%E6%82%AC%E6%B5%AE%E6%84%9F%E2%80%9D%E7%9A%84%E9%BC%A0%E6%A0%87%E5%9E%AB
BODY Content-Type: application/json
BODY START
{"source-language": "zh-CN", "source-text": "AM SilkGlass\uff1a\u64cd\u4f5c\u9f20\u6807\u81ea\u5e26\u201c\u60ac\u6d6e\u611f\u201d\u7684\u9f20\u6807\u57ab", "destination-language": "en", "destination-text": "AM SilkGlass: Mouse pad with \"suspended feeling\" when operating the mouse", "pronunciation": {"source-text-phonetic": "AM SilkGlass: C\u0101ozu\u00f2 sh\u01d4bi\u0101o z\u00ec d\u00e0i \u201cxu\u00e1nf\u00fa g\u01cen\u201d de sh\u01d4bi\u0101o di\u00e0n", "source-text-audio": "https://translate.google.com/translate_tts?ie=UTF-&&client=tw-ob&tl=zh-CN&q=AM%20SilkGlass\uff1a\u64cd\u4f5c\u9f20\u6807\u81ea\u5e26\u201c\u60ac\u6d6e\u611f\u201d\u7684\u9f20\u6807\u57ab", "destination-text-audio": "https://translate.google.com/translate_tts?ie=UTF-&&client=tw-ob&tl=en&q=AM%20SilkGlass:%20Mouse%20pad%20with%20\"suspended%20feeling\"%20when%20operating%20the%20mouse"}, "translations": {"all-translations": null, "possible-translations": ["AM SilkGlass: Mouse pad with \"suspended feeling\" when operating the mouse"], "possible-mistakes": null}, "definitions": null, "see-also": null}
BODY END
2025-03-02 20:07:14 TRACE [DefaultDispatcher-worker-7] i.k.c.plugins.defaultTransformers - Transformed with default transformers response body for https://ftapi.pythonanywhere.com/translate?dl=en&text=AM+SilkGlass%EF%BC%9A%E6%93%8D%E4%BD%9C%E9%BC%A0%E6%A0%87%E8%87%AA%E5%B8%A6%E2%80%9C%E6%82%AC%E6%B5%AE%E6%84%9F%E2%80%9D%E7%9A%84%E9%BC%A0%E6%A0%87%E5%9E%AB to class kotlinx.io.Source
2025-03-02 20:07:14 INFO  [DefaultDispatcher-worker-7] c.t.services.ZFrontierCheckerService - AM SilkGlass：操作鼠标自带“悬浮感”的鼠标垫 - https://www.zfrontier.com/app/flow/aqMPndWvbmkW - 2025.02.28 20:07 UTC+3
2025-03-02 20:07:24 INFO  [DefaultDispatcher-worker-1] c.t.services.ZFrontierCheckerService - Sending media group: MediaGroupRequest(chat_id=@TopreThoc, media=[MediaItem(type=photo, media=https://img.zfrontier.com/post/FmNRO2qqfQYXUwnR1Tx1A1pPIJzI.jpg-cover360.webp, caption=[ZF] AM SilkGlass: Mouse pad with "suspended feeling" when operating the mouse - https://www.zfrontier.com/app/flow/aqMPndWvbmkW), MediaItem(type=photo, media=https://img.zfrontier.com/post/lklzZB_6nppITGr-NDfUdq81SWka.jpg-cover360.webp, caption=), MediaItem(type=photo, media=https://img.zfrontier.com/post/lvyvWHgl0LVqTJuvQ_gFx2L9PTrz.jpg-cover360.webp, caption=)])
2025-03-02 20:07:24 TRACE [DefaultDispatcher-worker-1] i.k.c.p.c.ContentNegotiation - Adding Accept=application header for https://api.telegram.org/bot7806136583:AAFZTO7ufHr6CUasULRAkCosEz-43lnOXnQ/sendMediaGroup
2025-03-02 20:07:24 TRACE [DefaultDispatcher-worker-1] i.k.c.p.c.ContentNegotiation - Adding Accept=application header for https://api.telegram.org/bot7806136583:AAFZTO7ufHr6CUasULRAkCosEz-43lnOXnQ/sendMediaGroup
2025-03-02 20:07:24 TRACE [DefaultDispatcher-worker-1] i.k.c.p.c.ContentNegotiation - Converted request body using io.ktor.serialization.kotlinx.KotlinxSerializationConverter@b5d1ce4 for https://api.telegram.org/bot7806136583:AAFZTO7ufHr6CUasULRAkCosEz-43lnOXnQ/sendMediaGroup
2025-03-02 20:07:24 TRACE [DefaultDispatcher-worker-1] i.ktor.client.plugins.HttpPlainText - Adding Accept-Charset=UTF-8 to https://api.telegram.org/bot7806136583:AAFZTO7ufHr6CUasULRAkCosEz-43lnOXnQ/sendMediaGroup
2025-03-02 20:07:24 TRACE [DefaultDispatcher-worker-1] i.k.c.plugins.defaultTransformers - Transformed with default transformers request body for https://api.telegram.org/bot7806136583:AAFZTO7ufHr6CUasULRAkCosEz-43lnOXnQ/sendMediaGroup from class io.ktor.http.content.TextContent
2025-03-02 20:07:24 INFO  [DefaultDispatcher-worker-2] io.ktor.client.HttpClient - REQUEST: https://api.telegram.org/bot7806136583:AAFZTO7ufHr6CUasULRAkCosEz-43lnOXnQ/sendMediaGroup
METHOD: HttpMethod(value=POST)
BODY Content-Type: application/json
BODY START
{"chat_id":"@TopreThoc","media":[{"type":"photo","media":"https://img.zfrontier.com/post/FmNRO2qqfQYXUwnR1Tx1A1pPIJzI.jpg-cover360.webp","caption":"[ZF] AM SilkGlass: Mouse pad with \"suspended feeling\" when operating the mouse - https://www.zfrontier.com/app/flow/aqMPndWvbmkW"},{"type":"photo","media":"https://img.zfrontier.com/post/lklzZB_6nppITGr-NDfUdq81SWka.jpg-cover360.webp","caption":""},{"type":"photo","media":"https://img.zfrontier.com/post/lvyvWHgl0LVqTJuvQ_gFx2L9PTrz.jpg-cover360.webp","caption":""}]}
BODY END
2025-03-02 20:07:25 TRACE [DefaultDispatcher-worker-7] i.k.client.plugins.HttpCallValidator - Validating response for request https://api.telegram.org/bot7806136583:AAFZTO7ufHr6CUasULRAkCosEz-43lnOXnQ/sendMediaGroup
2025-03-02 20:07:25 TRACE [DefaultDispatcher-worker-7] i.k.c.p.DefaultResponseValidation - Skipping default response validation for https://api.telegram.org/bot7806136583:AAFZTO7ufHr6CUasULRAkCosEz-43lnOXnQ/sendMediaGroup
2025-03-02 20:07:25 INFO  [DefaultDispatcher-worker-8] io.ktor.client.HttpClient - RESPONSE: 200 OK
METHOD: HttpMethod(value=POST)
FROM: https://api.telegram.org/bot7806136583:AAFZTO7ufHr6CUasULRAkCosEz-43lnOXnQ/sendMediaGroup
BODY Content-Type: application/json
BODY START
{"ok":true,"result":[{"message_id":1865,"sender_chat":{"id":-1002295418276,"title":"Thocc News","username":"TopreThoc","type":"channel"},"chat":{"id":-1002295418276,"title":"Thocc News","username":"TopreThoc","type":"channel"},"date":1740935246,"media_group_id":"13927481969758722","photo":[{"file_id":"AgACAgQAAxUHZ8SQTmjpwWh5tnjOvuxQ5VSg_5sAAp64MRtfyS1SdcRCmF1uXc4BAAMCAANzAAM2BA","file_unique_id":"AQADnrgxG1_JLVJ4","file_size":886,"width":90,"height":53},{"file_id":"AgACAgQAAxUHZ8SQTmjpwWh5tnjOvuxQ5VSg_5sAAp64MRtfyS1SdcRCmF1uXc4BAAMCAANtAAM2BA","file_unique_id":"AQADnrgxG1_JLVJy","file_size":12036,"width":320,"height":188},{"file_id":"AgACAgQAAxUHZ8SQTmjpwWh5tnjOvuxQ5VSg_5sAAp64MRtfyS1SdcRCmF1uXc4BAAMCAAN4AAM2BA","file_unique_id":"AQADnrgxG1_JLVJ9","file_size":14008,"width":360,"height":211}],"caption":"[ZF] AM SilkGlass: Mouse pad with \"suspended feeling\" when operating the mouse - https://www.zfrontier.com/app/flow/aqMPndWvbmkW","caption_entities":[{"offset":81,"length":47,"type":"url"}]},{"message_id":1866,"sender_chat":{"id":-1002295418276,"title":"Thocc News","username":"TopreThoc","type":"channel"},"chat":{"id":-1002295418276,"title":"Thocc News","username":"TopreThoc","type":"channel"},"date":1740935246,"media_group_id":"13927481969758722","photo":[{"file_id":"AgACAgQAAxUHZ8SQTq2llc_zXulU43ddHb3YhGwAAlu4MRshPi1SNCRr9FnVRmIBAAMCAANzAAM2BA","file_unique_id":"AQADW7gxGyE-LVJ4","file_size":833,"width":90,"height":60},{"file_id":"AgACAgQAAxUHZ8SQTq2llc_zXulU43ddHb3YhGwAAlu4MRshPi1SNCRr9FnVRmIBAAMCAANtAAM2BA","file_unique_id":"AQADW7gxGyE-LVJy","file_size":8654,"width":320,"height":213},{"file_id":"AgACAgQAAxUHZ8SQTq2llc_zXulU43ddHb3YhGwAAlu4MRshPi1SNCRr9FnVRmIBAAMCAAN4AAM2BA","file_unique_id":"AQADW7gxGyE-LVJ9","file_size":9842,"width":360,"height":240}]},{"message_id":1867,"sender_chat":{"id":-1002295418276,"title":"Thocc News","username":"TopreThoc","type":"channel"},"chat":{"id":-1002295418276,"title":"Thocc News","username":"TopreThoc","type":"channel"},"date":1740935246,"media_group_id":"13927481969758722","photo":[{"file_id":"AgACAgQAAxUHZ8SQTfWef44kfB9M04g085Fwoz8AAr-4MRsRFSVSJe_bF70lHlcBAAMCAANzAAM2BA","file_unique_id":"AQADv7gxGxEVJVJ4","file_size":1214,"width":90,"height":60},{"file_id":"AgACAgQAAxUHZ8SQTfWef44kfB9M04g085Fwoz8AAr-4MRsRFSVSJe_bF70lHlcBAAMCAANtAAM2BA","file_unique_id":"AQADv7gxGxEVJVJy","file_size":18348,"width":320,"height":213},{"file_id":"AgACAgQAAxUHZ8SQTfWef44kfB9M04g085Fwoz8AAr-4MRsRFSVSJe_bF70lHlcBAAMCAAN4AAM2BA","file_unique_id":"AQADv7gxGxEVJVJ9","file_size":20925,"width":360,"height":240}]}]}
BODY END
2025-03-02 20:07:25 TRACE [DefaultDispatcher-worker-7] i.k.c.plugins.defaultTransformers - Transformed with default transformers response body for https://api.telegram.org/bot7806136583:AAFZTO7ufHr6CUasULRAkCosEz-43lnOXnQ/sendMediaGroup to class kotlinx.io.Source
2025-03-02 20:07:25 INFO  [DefaultDispatcher-worker-7] c.t.services.ZFrontierCheckerService - Media group response: {"ok":true,"result":[{"message_id":1865,"sender_chat":{"id":-1002295418276,"title":"Thocc News","username":"TopreThoc","type":"channel"},"chat":{"id":-1002295418276,"title":"Thocc News","username":"TopreThoc","type":"channel"},"date":1740935246,"media_group_id":"13927481969758722","photo":[{"file_id":"AgACAgQAAxUHZ8SQTmjpwWh5tnjOvuxQ5VSg_5sAAp64MRtfyS1SdcRCmF1uXc4BAAMCAANzAAM2BA","file_unique_id":"AQADnrgxG1_JLVJ4","file_size":886,"width":90,"height":53},{"file_id":"AgACAgQAAxUHZ8SQTmjpwWh5tnjOvuxQ5VSg_5sAAp64MRtfyS1SdcRCmF1uXc4BAAMCAANtAAM2BA","file_unique_id":"AQADnrgxG1_JLVJy","file_size":12036,"width":320,"height":188},{"file_id":"AgACAgQAAxUHZ8SQTmjpwWh5tnjOvuxQ5VSg_5sAAp64MRtfyS1SdcRCmF1uXc4BAAMCAAN4AAM2BA","file_unique_id":"AQADnrgxG1_JLVJ9","file_size":14008,"width":360,"height":211}],"caption":"[ZF] AM SilkGlass: Mouse pad with \"suspended feeling\" when operating the mouse - https://www.zfrontier.com/app/flow/aqMPndWvbmkW","caption_entities":[{"offset":81,"length":47,"type":"url"}]},{"message_id":1866,"sender_chat":{"id":-1002295418276,"title":"Thocc News","username":"TopreThoc","type":"channel"},"chat":{"id":-1002295418276,"title":"Thocc News","username":"TopreThoc","type":"channel"},"date":1740935246,"media_group_id":"13927481969758722","photo":[{"file_id":"AgACAgQAAxUHZ8SQTq2llc_zXulU43ddHb3YhGwAAlu4MRshPi1SNCRr9FnVRmIBAAMCAANzAAM2BA","file_unique_id":"AQADW7gxGyE-LVJ4","file_size":833,"width":90,"height":60},{"file_id":"AgACAgQAAxUHZ8SQTq2llc_zXulU43ddHb3YhGwAAlu4MRshPi1SNCRr9FnVRmIBAAMCAANtAAM2BA","file_unique_id":"AQADW7gxGyE-LVJy","file_size":8654,"width":320,"height":213},{"file_id":"AgACAgQAAxUHZ8SQTq2llc_zXulU43ddHb3YhGwAAlu4MRshPi1SNCRr9FnVRmIBAAMCAAN4AAM2BA","file_unique_id":"AQADW7gxGyE-LVJ9","file_size":9842,"width":360,"height":240}]},{"message_id":1867,"sender_chat":{"id":-1002295418276,"title":"Thocc News","username":"TopreThoc","type":"channel"},"chat":{"id":-1002295418276,"title":"Thocc News","username":"TopreThoc","type":"channel"},"date":1740935246,"media_group_id":"13927481969758722","photo":[{"file_id":"AgACAgQAAxUHZ8SQTfWef44kfB9M04g085Fwoz8AAr-4MRsRFSVSJe_bF70lHlcBAAMCAANzAAM2BA","file_unique_id":"AQADv7gxGxEVJVJ4","file_size":1214,"width":90,"height":60},{"file_id":"AgACAgQAAxUHZ8SQTfWef44kfB9M04g085Fwoz8AAr-4MRsRFSVSJe_bF70lHlcBAAMCAANtAAM2BA","file_unique_id":"AQADv7gxGxEVJVJy","file_size":18348,"width":320,"height":213},{"file_id":"AgACAgQAAxUHZ8SQTfWef44kfB9M04g085Fwoz8AAr-4MRsRFSVSJe_bF70lHlcBAAMCAAN4AAM2BA","file_unique_id":"AQADv7gxGxEVJVJ9","file_size":20925,"width":360,"height":240}]}]}
2025-03-02 20:07:25 DEBUG [DefaultDispatcher-worker-7] org.ktorm.database - SQL: insert into news ("name", originalname, source_id, link, "timestamp") values (?, ?, ?, ?, ?) 
2025-03-02 20:07:25 DEBUG [DefaultDispatcher-worker-7] org.ktorm.database - Parameters: [[ZF]AM SilkGlass: Mouse pad with "suspended feeling" when operating the mouse(text), AM SilkGlass：操作鼠标自带“悬浮感”的鼠标垫(text), 2(int), https://www.zfrontier.com/app/flow/aqMPndWvbmkW(text), 2025.02.28 20:07 UTC+3(text)]
2025-03-02 20:07:25 DEBUG [DefaultDispatcher-worker-7] org.ktorm.database - Effects: 1
2025-03-02 20:07:25 DEBUG [DefaultDispatcher-worker-7] org.ktorm.database - Generated Key: 14
2025-03-02 20:07:25 INFO  [DefaultDispatcher-worker-7] com.thocc.services.NewsService - Check DB! News: [ZF]AM SilkGlass: Mouse pad with "suspended feeling" when operating the mouse must appeared
2025-03-02 20:07:25 INFO  [DefaultDispatcher-worker-7] c.t.services.ZFrontierCheckerService - skipped Error - https://www.zfrontier.comnull
2025-03-02 20:07:25 INFO  [DefaultDispatcher-worker-7] c.t.services.ZFrontierCheckerService - skipped Error - https://www.zfrontier.comnull
2025-03-02 20:07:25 INFO  [DefaultDispatcher-worker-7] c.t.services.ZFrontierCheckerService - skipped Error - https://www.zfrontier.comnull
2025-03-02 20:07:25 INFO  [DefaultDispatcher-worker-7] c.t.services.ZFrontierCheckerService - skipped Error - https://www.zfrontier.comnull
2025-03-02 20:07:25 INFO  [DefaultDispatcher-worker-7] c.t.services.ZFrontierCheckerService - job done, waiting for 2 hours
