2025-03-02 20:04:02 INFO  [DefaultDispatcher-worker-3] c.t.services.ZFrontierCheckerService - zf page loaded!
2025-03-02 20:04:02 INFO  [DefaultDispatcher-worker-3] c.t.services.ZFrontierCheckerService - navigating to google.com
2025-03-02 20:04:21 INFO  [DefaultDispatcher-worker-3] c.t.services.ZFrontierCheckerService - main function receiver answer from ZF
2025-03-02 20:04:21 INFO  [DefaultDispatcher-worker-3] c.t.services.ZFrontierCheckerService - skipped Error - https://www.zfrontier.comnull
2025-03-02 20:04:21 DEBUG [DefaultDispatcher-worker-3] org.ktorm.database - SQL: select news.id as news_id, news."name" as news_name, news.originalname as news_originalname, news.source_id as news_source_id, news.link as news_link, news."timestamp" as news_timestamp, _ref0.id as _ref0_id, _ref0."name" as _ref0_name from news left join newssource as _ref0 on news.source_id = _ref0.id where (news.originalname = ?) and (news.source_id = ?) limit ? 
2025-03-02 20:04:21 DEBUG [DefaultDispatcher-worker-3] org.ktorm.database - Parameters: [【GB】3月2日发售 佳达隆龙井茶轴 限时2元(text), 2(int), 1(int)]
2025-03-02 20:04:21 DEBUG [DefaultDispatcher-worker-3] org.ktorm.database - Results: 0
2025-03-02 20:04:21 DEBUG [DefaultDispatcher-worker-3] org.ktorm.database - SQL: select news.id as news_id, news."name" as news_name, news.originalname as news_originalname, news.source_id as news_source_id, news.link as news_link, news."timestamp" as news_timestamp, _ref0.id as _ref0_id, _ref0."name" as _ref0_name from news left join newssource as _ref0 on news.source_id = _ref0.id where news.link = ? limit ? 
2025-03-02 20:04:21 DEBUG [DefaultDispatcher-worker-3] org.ktorm.database - Parameters: [https://www.zfrontier.com/app/flow/Bdxdbp0XKwMl(text), 1(int)]
2025-03-02 20:04:21 DEBUG [DefaultDispatcher-worker-3] org.ktorm.database - Results: 0
2025-03-02 20:04:21 INFO  [DefaultDispatcher-worker-3] c.t.services.ZFrontierCheckerService - passed https://www.zfrontier.com/app/flow/Bdxdbp0XKwMl
2025-03-02 20:04:21 TRACE [DefaultDispatcher-worker-3] i.k.c.p.c.ContentNegotiation - Adding Accept=application header for https://ftapi.pythonanywhere.com/translate?dl=en&text=%E3%80%90GB%E3%80%913%E6%9C%882%E6%97%A5%E5%8F%91%E5%94%AE+%E4%BD%B3%E8%BE%BE%E9%9A%86%E9%BE%99%E4%BA%95%E8%8C%B6%E8%BD%B4+%E9%99%90%E6%97%B62%E5%85%83
2025-03-02 20:04:21 TRACE [DefaultDispatcher-worker-3] i.k.c.p.c.ContentNegotiation - Adding Accept=application header for https://ftapi.pythonanywhere.com/translate?dl=en&text=%E3%80%90GB%E3%80%913%E6%9C%882%E6%97%A5%E5%8F%91%E5%94%AE+%E4%BD%B3%E8%BE%BE%E9%9A%86%E9%BE%99%E4%BA%95%E8%8C%B6%E8%BD%B4+%E9%99%90%E6%97%B62%E5%85%83
2025-03-02 20:04:21 TRACE [DefaultDispatcher-worker-3] i.k.c.p.c.ContentNegotiation - Body type class io.ktor.client.utils.EmptyContent is in ignored types. Skipping ContentNegotiation for https://ftapi.pythonanywhere.com/translate?dl=en&text=%E3%80%90GB%E3%80%913%E6%9C%882%E6%97%A5%E5%8F%91%E5%94%AE+%E4%BD%B3%E8%BE%BE%E9%9A%86%E9%BE%99%E4%BA%95%E8%8C%B6%E8%BD%B4+%E9%99%90%E6%97%B62%E5%85%83.
2025-03-02 20:04:21 TRACE [DefaultDispatcher-worker-3] i.ktor.client.plugins.HttpPlainText - Adding Accept-Charset=UTF-8 to https://ftapi.pythonanywhere.com/translate?dl=en&text=%E3%80%90GB%E3%80%913%E6%9C%882%E6%97%A5%E5%8F%91%E5%94%AE+%E4%BD%B3%E8%BE%BE%E9%9A%86%E9%BE%99%E4%BA%95%E8%8C%B6%E8%BD%B4+%E9%99%90%E6%97%B62%E5%85%83
2025-03-02 20:04:21 INFO  [DefaultDispatcher-worker-1] io.ktor.client.HttpClient - REQUEST: https://ftapi.pythonanywhere.com/translate?dl=en&text=%E3%80%90GB%E3%80%913%E6%9C%882%E6%97%A5%E5%8F%91%E5%94%AE+%E4%BD%B3%E8%BE%BE%E9%9A%86%E9%BE%99%E4%BA%95%E8%8C%B6%E8%BD%B4+%E9%99%90%E6%97%B62%E5%85%83
METHOD: HttpMethod(value=GET)
BODY Content-Type: null
BODY START

BODY END
2025-03-02 20:04:23 TRACE [DefaultDispatcher-worker-4] i.k.client.plugins.HttpCallValidator - Validating response for request https://ftapi.pythonanywhere.com/translate?dl=en&text=%E3%80%90GB%E3%80%913%E6%9C%882%E6%97%A5%E5%8F%91%E5%94%AE+%E4%BD%B3%E8%BE%BE%E9%9A%86%E9%BE%99%E4%BA%95%E8%8C%B6%E8%BD%B4+%E9%99%90%E6%97%B62%E5%85%83
2025-03-02 20:04:23 TRACE [DefaultDispatcher-worker-4] i.k.c.p.DefaultResponseValidation - Skipping default response validation for https://ftapi.pythonanywhere.com/translate?dl=en&text=%E3%80%90GB%E3%80%913%E6%9C%882%E6%97%A5%E5%8F%91%E5%94%AE+%E4%BD%B3%E8%BE%BE%E9%9A%86%E9%BE%99%E4%BA%95%E8%8C%B6%E8%BD%B4+%E9%99%90%E6%97%B62%E5%85%83
2025-03-02 20:04:23 INFO  [DefaultDispatcher-worker-3] io.ktor.client.HttpClient - RESPONSE: 200 OK
METHOD: HttpMethod(value=GET)
FROM: https://ftapi.pythonanywhere.com/translate?dl=en&text=%E3%80%90GB%E3%80%913%E6%9C%882%E6%97%A5%E5%8F%91%E5%94%AE+%E4%BD%B3%E8%BE%BE%E9%9A%86%E9%BE%99%E4%BA%95%E8%8C%B6%E8%BD%B4+%E9%99%90%E6%97%B62%E5%85%83
BODY Content-Type: application/json
BODY START
{"source-language": "zh-CN", "source-text": "\u3010GB\u30113\u67082\u65e5\u53d1\u552e \u4f73\u8fbe\u9686\u9f99\u4e95\u8336\u8f74 \u9650\u65f62\u5143", "destination-language": "en", "destination-text": "\u3010GB\u3011Opened on March 2nd Jiada Longlongjing Tea Roller Limited time 2 yuan", "pronunciation": {"source-text-phonetic": "[GB]3 yu\u00e8 2 r\u00ec f\u0101sh\u00f2u ji\u0101 d\u00e1 l\u00f3ng l\u00f3ngj\u01d0ng ch\u00e1 zh\u00f3u xi\u00e0nsh\u00ed 2 yu\u00e1n", "source-text-audio": "https://translate.google.com/translate_tts?ie=UTF-&&client=tw-ob&tl=zh-CN&q=\u3010GB\u30113\u67082\u65e5\u53d1\u552e%20\u4f73\u8fbe\u9686\u9f99\u4e95\u8336\u8f74%20\u9650\u65f62\u5143", "destination-text-audio": "https://translate.google.com/translate_tts?ie=UTF-&&client=tw-ob&tl=en&q=\u3010GB\u3011Opened%20on%20March%202nd%20Jiada%20Longlongjing%20Tea%20Roller%20Limited%20time%202%20yuan"}, "translations": {"all-translations": null, "possible-translations": ["\u3010GB\u3011Opened on March 2nd Jiada Longlongjing Tea Roller Limited time 2 yuan"], "possible-mistakes": null}, "definitions": null, "see-also": null}
BODY END
2025-03-02 20:04:23 TRACE [DefaultDispatcher-worker-4] i.k.c.plugins.defaultTransformers - Transformed with default transformers response body for https://ftapi.pythonanywhere.com/translate?dl=en&text=%E3%80%90GB%E3%80%913%E6%9C%882%E6%97%A5%E5%8F%91%E5%94%AE+%E4%BD%B3%E8%BE%BE%E9%9A%86%E9%BE%99%E4%BA%95%E8%8C%B6%E8%BD%B4+%E9%99%90%E6%97%B62%E5%85%83 to class kotlinx.io.Source
2025-03-02 20:04:23 INFO  [DefaultDispatcher-worker-4] c.t.services.ZFrontierCheckerService - 【GB】3月2日发售 佳达隆龙井茶轴 限时2元 - https://www.zfrontier.com/app/flow/Bdxdbp0XKwMl - 2025.03.02 12:04 UTC+3
2025-03-02 20:04:33 INFO  [DefaultDispatcher-worker-1] c.t.services.ZFrontierCheckerService - Sending media group: MediaGroupRequest(chat_id=@TopreThoc, media=[MediaItem(type=photo, media=https://img.zfrontier.com/post/FlTfHkjHNJn_T6tKOTvJU3K6eNQ9.jpg-cover360.webp, caption=[ZF] 【GB】Opened on March 2nd Jiada Longlongjing Tea Roller Limited time 2 yuan - https://www.zfrontier.com/app/flow/Bdxdbp0XKwMl), MediaItem(type=photo, media=https://img.zfrontier.com/post/lpfWGna1X06AfVqjeNv2LI8Vk0EM.jpg-cover360.webp, caption=), MediaItem(type=photo, media=https://img.zfrontier.com/post/li8RkYaY0vGgfbGRWE_ybreN4kUi.jpg-cover360.webp, caption=)])
2025-03-02 20:04:33 TRACE [DefaultDispatcher-worker-1] i.k.c.p.c.ContentNegotiation - Adding Accept=application header for https://api.telegram.org/bot7806136583:AAFZTO7ufHr6CUasULRAkCosEz-43lnOXnQ/sendMediaGroup
2025-03-02 20:04:33 TRACE [DefaultDispatcher-worker-1] i.k.c.p.c.ContentNegotiation - Adding Accept=application header for https://api.telegram.org/bot7806136583:AAFZTO7ufHr6CUasULRAkCosEz-43lnOXnQ/sendMediaGroup
2025-03-02 20:04:33 TRACE [DefaultDispatcher-worker-1] i.k.c.p.c.ContentNegotiation - Converted request body using io.ktor.serialization.kotlinx.KotlinxSerializationConverter@b5d1ce4 for https://api.telegram.org/bot7806136583:AAFZTO7ufHr6CUasULRAkCosEz-43lnOXnQ/sendMediaGroup
2025-03-02 20:04:33 TRACE [DefaultDispatcher-worker-1] i.ktor.client.plugins.HttpPlainText - Adding Accept-Charset=UTF-8 to https://api.telegram.org/bot7806136583:AAFZTO7ufHr6CUasULRAkCosEz-43lnOXnQ/sendMediaGroup
2025-03-02 20:04:33 TRACE [DefaultDispatcher-worker-1] i.k.c.plugins.defaultTransformers - Transformed with default transformers request body for https://api.telegram.org/bot7806136583:AAFZTO7ufHr6CUasULRAkCosEz-43lnOXnQ/sendMediaGroup from class io.ktor.http.content.TextContent
2025-03-02 20:04:33 INFO  [DefaultDispatcher-worker-9] io.ktor.client.HttpClient - REQUEST: https://api.telegram.org/bot7806136583:AAFZTO7ufHr6CUasULRAkCosEz-43lnOXnQ/sendMediaGroup
METHOD: HttpMethod(value=POST)
BODY Content-Type: application/json
BODY START
{"chat_id":"@TopreThoc","media":[{"type":"photo","media":"https://img.zfrontier.com/post/FlTfHkjHNJn_T6tKOTvJU3K6eNQ9.jpg-cover360.webp","caption":"[ZF] 【GB】Opened on March 2nd Jiada Longlongjing Tea Roller Limited time 2 yuan - https://www.zfrontier.com/app/flow/Bdxdbp0XKwMl"},{"type":"photo","media":"https://img.zfrontier.com/post/lpfWGna1X06AfVqjeNv2LI8Vk0EM.jpg-cover360.webp","caption":""},{"type":"photo","media":"https://img.zfrontier.com/post/li8RkYaY0vGgfbGRWE_ybreN4kUi.jpg-cover360.webp","caption":""}]}
BODY END
2025-03-02 20:04:35 TRACE [DefaultDispatcher-worker-6] i.k.client.plugins.HttpCallValidator - Validating response for request https://api.telegram.org/bot7806136583:AAFZTO7ufHr6CUasULRAkCosEz-43lnOXnQ/sendMediaGroup
2025-03-02 20:04:35 TRACE [DefaultDispatcher-worker-6] i.k.c.p.DefaultResponseValidation - Skipping default response validation for https://api.telegram.org/bot7806136583:AAFZTO7ufHr6CUasULRAkCosEz-43lnOXnQ/sendMediaGroup
2025-03-02 20:04:35 INFO  [DefaultDispatcher-worker-7] io.ktor.client.HttpClient - RESPONSE: 200 OK
METHOD: HttpMethod(value=POST)
FROM: https://api.telegram.org/bot7806136583:AAFZTO7ufHr6CUasULRAkCosEz-43lnOXnQ/sendMediaGroup
BODY Content-Type: application/json
BODY START
{"ok":true,"result":[{"message_id":1829,"sender_chat":{"id":-1002295418276,"title":"Thocc News","username":"TopreThoc","type":"channel"},"chat":{"id":-1002295418276,"title":"Thocc News","username":"TopreThoc","type":"channel"},"date":1740935076,"media_group_id":"13927480608179226","photo":[{"file_id":"AgACAgQAAxUHZ8SPo9OXzBeyNb7uIMPCzwwPStIAAny5MRtHdSRS-KpPUyDRfjUBAAMCAANzAAM2BA","file_unique_id":"AQADfLkxG0d1JFJ4","file_size":1316,"width":90,"height":60},{"file_id":"AgACAgQAAxUHZ8SPo9OXzBeyNb7uIMPCzwwPStIAAny5MRtHdSRS-KpPUyDRfjUBAAMCAANtAAM2BA","file_unique_id":"AQADfLkxG0d1JFJy","file_size":22769,"width":320,"height":213},{"file_id":"AgACAgQAAxUHZ8SPo9OXzBeyNb7uIMPCzwwPStIAAny5MRtHdSRS-KpPUyDRfjUBAAMCAAN4AAM2BA","file_unique_id":"AQADfLkxG0d1JFJ9","file_size":25842,"width":360,"height":240}],"caption":"[ZF] \u3010GB\u3011Opened on March 2nd Jiada Longlongjing Tea Roller Limited time 2 yuan - https://www.zfrontier.com/app/flow/Bdxdbp0XKwMl","caption_entities":[{"offset":81,"length":47,"type":"url"}]},{"message_id":1830,"sender_chat":{"id":-1002295418276,"title":"Thocc News","username":"TopreThoc","type":"channel"},"chat":{"id":-1002295418276,"title":"Thocc News","username":"TopreThoc","type":"channel"},"date":1740935076,"media_group_id":"13927480608179226","photo":[{"file_id":"AgACAgQAAxUHZ8SPo8o4qz4N4XV3Hed6P_BaRlYAAtS3MRv5-S1S0g-f9T_i6AwBAAMCAANzAAM2BA","file_unique_id":"AQAD1LcxG_n5LVJ4","file_size":1206,"width":90,"height":60},{"file_id":"AgACAgQAAxUHZ8SPo8o4qz4N4XV3Hed6P_BaRlYAAtS3MRv5-S1S0g-f9T_i6AwBAAMCAANtAAM2BA","file_unique_id":"AQAD1LcxG_n5LVJy","file_size":19003,"width":320,"height":213},{"file_id":"AgACAgQAAxUHZ8SPo8o4qz4N4XV3Hed6P_BaRlYAAtS3MRv5-S1S0g-f9T_i6AwBAAMCAAN4AAM2BA","file_unique_id":"AQAD1LcxG_n5LVJ9","file_size":21438,"width":360,"height":240}]},{"message_id":1831,"sender_chat":{"id":-1002295418276,"title":"Thocc News","username":"TopreThoc","type":"channel"},"chat":{"id":-1002295418276,"title":"Thocc News","username":"TopreThoc","type":"channel"},"date":1740935076,"media_group_id":"13927480608179226","photo":[{"file_id":"AgACAgQAAxUHZ8SPoyy1_NlZsyH2wBWFzFS4yrMAAoy3MRtYdSxSesHFHrzFVpMBAAMCAANzAAM2BA","file_unique_id":"AQADjLcxG1h1LFJ4","file_size":1404,"width":90,"height":60},{"file_id":"AgACAgQAAxUHZ8SPoyy1_NlZsyH2wBWFzFS4yrMAAoy3MRtYdSxSesHFHrzFVpMBAAMCAANtAAM2BA","file_unique_id":"AQADjLcxG1h1LFJy","file_size":20482,"width":320,"height":213},{"file_id":"AgACAgQAAxUHZ8SPoyy1_NlZsyH2wBWFzFS4yrMAAoy3MRtYdSxSesHFHrzFVpMBAAMCAAN4AAM2BA","file_unique_id":"AQADjLcxG1h1LFJ9","file_size":23014,"width":360,"height":240}]}]}
BODY END
2025-03-02 20:04:35 TRACE [DefaultDispatcher-worker-6] i.k.c.plugins.defaultTransformers - Transformed with default transformers response body for https://api.telegram.org/bot7806136583:AAFZTO7ufHr6CUasULRAkCosEz-43lnOXnQ/sendMediaGroup to class kotlinx.io.Source
2025-03-02 20:04:35 INFO  [DefaultDispatcher-worker-6] c.t.services.ZFrontierCheckerService - Media group response: {"ok":true,"result":[{"message_id":1829,"sender_chat":{"id":-1002295418276,"title":"Thocc News","username":"TopreThoc","type":"channel"},"chat":{"id":-1002295418276,"title":"Thocc News","username":"TopreThoc","type":"channel"},"date":1740935076,"media_group_id":"13927480608179226","photo":[{"file_id":"AgACAgQAAxUHZ8SPo9OXzBeyNb7uIMPCzwwPStIAAny5MRtHdSRS-KpPUyDRfjUBAAMCAANzAAM2BA","file_unique_id":"AQADfLkxG0d1JFJ4","file_size":1316,"width":90,"height":60},{"file_id":"AgACAgQAAxUHZ8SPo9OXzBeyNb7uIMPCzwwPStIAAny5MRtHdSRS-KpPUyDRfjUBAAMCAANtAAM2BA","file_unique_id":"AQADfLkxG0d1JFJy","file_size":22769,"width":320,"height":213},{"file_id":"AgACAgQAAxUHZ8SPo9OXzBeyNb7uIMPCzwwPStIAAny5MRtHdSRS-KpPUyDRfjUBAAMCAAN4AAM2BA","file_unique_id":"AQADfLkxG0d1JFJ9","file_size":25842,"width":360,"height":240}],"caption":"[ZF] \u3010GB\u3011Opened on March 2nd Jiada Longlongjing Tea Roller Limited time 2 yuan - https://www.zfrontier.com/app/flow/Bdxdbp0XKwMl","caption_entities":[{"offset":81,"length":47,"type":"url"}]},{"message_id":1830,"sender_chat":{"id":-1002295418276,"title":"Thocc News","username":"TopreThoc","type":"channel"},"chat":{"id":-1002295418276,"title":"Thocc News","username":"TopreThoc","type":"channel"},"date":1740935076,"media_group_id":"13927480608179226","photo":[{"file_id":"AgACAgQAAxUHZ8SPo8o4qz4N4XV3Hed6P_BaRlYAAtS3MRv5-S1S0g-f9T_i6AwBAAMCAANzAAM2BA","file_unique_id":"AQAD1LcxG_n5LVJ4","file_size":1206,"width":90,"height":60},{"file_id":"AgACAgQAAxUHZ8SPo8o4qz4N4XV3Hed6P_BaRlYAAtS3MRv5-S1S0g-f9T_i6AwBAAMCAANtAAM2BA","file_unique_id":"AQAD1LcxG_n5LVJy","file_size":19003,"width":320,"height":213},{"file_id":"AgACAgQAAxUHZ8SPo8o4qz4N4XV3Hed6P_BaRlYAAtS3MRv5-S1S0g-f9T_i6AwBAAMCAAN4AAM2BA","file_unique_id":"AQAD1LcxG_n5LVJ9","file_size":21438,"width":360,"height":240}]},{"message_id":1831,"sender_chat":{"id":-1002295418276,"title":"Thocc News","username":"TopreThoc","type":"channel"},"chat":{"id":-1002295418276,"title":"Thocc News","username":"TopreThoc","type":"channel"},"date":1740935076,"media_group_id":"13927480608179226","photo":[{"file_id":"AgACAgQAAxUHZ8SPoyy1_NlZsyH2wBWFzFS4yrMAAoy3MRtYdSxSesHFHrzFVpMBAAMCAANzAAM2BA","file_unique_id":"AQADjLcxG1h1LFJ4","file_size":1404,"width":90,"height":60},{"file_id":"AgACAgQAAxUHZ8SPoyy1_NlZsyH2wBWFzFS4yrMAAoy3MRtYdSxSesHFHrzFVpMBAAMCAANtAAM2BA","file_unique_id":"AQADjLcxG1h1LFJy","file_size":20482,"width":320,"height":213},{"file_id":"AgACAgQAAxUHZ8SPoyy1_NlZsyH2wBWFzFS4yrMAAoy3MRtYdSxSesHFHrzFVpMBAAMCAAN4AAM2BA","file_unique_id":"AQADjLcxG1h1LFJ9","file_size":23014,"width":360,"height":240}]}]}
2025-03-02 20:04:35 DEBUG [DefaultDispatcher-worker-6] org.ktorm.database - SQL: insert into news ("name", originalname, source_id, link, "timestamp") values (?, ?, ?, ?, ?) 
2025-03-02 20:04:35 DEBUG [DefaultDispatcher-worker-6] org.ktorm.database - Parameters: [[ZF]【GB】Opened on March 2nd Jiada Longlongjing Tea Roller Limited time 2 yuan(text), 【GB】3月2日发售 佳达隆龙井茶轴 限时2元(text), 2(int), https://www.zfrontier.com/app/flow/Bdxdbp0XKwMl(text), 2025.03.02 12:04 UTC+3(text)]
2025-03-02 20:04:35 DEBUG [DefaultDispatcher-worker-6] org.ktorm.database - Effects: 1
2025-03-02 20:04:35 DEBUG [DefaultDispatcher-worker-6] org.ktorm.database - Generated Key: 1
2025-03-02 20:04:35 INFO  [DefaultDispatcher-worker-6] com.thocc.services.NewsService - Check DB! News: [ZF]【GB】Opened on March 2nd Jiada Longlongjing Tea Roller Limited time 2 yuan must appeared
2025-03-02 20:04:35 DEBUG [DefaultDispatcher-worker-6] org.ktorm.database - SQL: select news.id as news_id, news."name" as news_name, news.originalname as news_originalname, news.source_id as news_source_id, news.link as news_link, news."timestamp" as news_timestamp, _ref0.id as _ref0_id, _ref0."name" as _ref0_name from news left join newssource as _ref0 on news.source_id = _ref0.id where (news.originalname = ?) and (news.source_id = ?) limit ? 
2025-03-02 20:04:35 DEBUG [DefaultDispatcher-worker-6] org.ktorm.database - Parameters: [【IC】Being60，sla光固化雾透外壳渲染（GH60尺寸磁轴，机械替换外壳）(text), 2(int), 1(int)]
2025-03-02 20:04:35 DEBUG [DefaultDispatcher-worker-6] org.ktorm.database - Results: 0
2025-03-02 20:04:35 DEBUG [DefaultDispatcher-worker-6] org.ktorm.database - SQL: select news.id as news_id, news."name" as news_name, news.originalname as news_originalname, news.source_id as news_source_id, news.link as news_link, news."timestamp" as news_timestamp, _ref0.id as _ref0_id, _ref0."name" as _ref0_name from news left join newssource as _ref0 on news.source_id = _ref0.id where news.link = ? limit ? 
2025-03-02 20:04:35 DEBUG [DefaultDispatcher-worker-6] org.ktorm.database - Parameters: [https://www.zfrontier.com/app/flow/VZPpXG6kY6xY(text), 1(int)]
2025-03-02 20:04:35 DEBUG [DefaultDispatcher-worker-6] org.ktorm.database - Results: 0
2025-03-02 20:04:35 INFO  [DefaultDispatcher-worker-6] c.t.services.ZFrontierCheckerService - passed https://www.zfrontier.com/app/flow/VZPpXG6kY6xY
2025-03-02 20:04:35 TRACE [DefaultDispatcher-worker-6] i.k.c.p.c.ContentNegotiation - Adding Accept=application header for https://ftapi.pythonanywhere.com/translate?dl=en&text=%E3%80%90IC%E3%80%91Being60%EF%BC%8Csla%E5%85%89%E5%9B%BA%E5%8C%96%E9%9B%BE%E9%80%8F%E5%A4%96%E5%A3%B3%E6%B8%B2%E6%9F%93%EF%BC%88GH60%E5%B0%BA%E5%AF%B8%E7%A3%81%E8%BD%B4%EF%BC%8C%E6%9C%BA%E6%A2%B0%E6%9B%BF%E6%8D%A2%E5%A4%96%E5%A3%B3%EF%BC%89
2025-03-02 20:04:35 TRACE [DefaultDispatcher-worker-6] i.k.c.p.c.ContentNegotiation - Adding Accept=application header for https://ftapi.pythonanywhere.com/translate?dl=en&text=%E3%80%90IC%E3%80%91Being60%EF%BC%8Csla%E5%85%89%E5%9B%BA%E5%8C%96%E9%9B%BE%E9%80%8F%E5%A4%96%E5%A3%B3%E6%B8%B2%E6%9F%93%EF%BC%88GH60%E5%B0%BA%E5%AF%B8%E7%A3%81%E8%BD%B4%EF%BC%8C%E6%9C%BA%E6%A2%B0%E6%9B%BF%E6%8D%A2%E5%A4%96%E5%A3%B3%EF%BC%89
2025-03-02 20:04:35 TRACE [DefaultDispatcher-worker-6] i.k.c.p.c.ContentNegotiation - Body type class io.ktor.client.utils.EmptyContent is in ignored types. Skipping ContentNegotiation for https://ftapi.pythonanywhere.com/translate?dl=en&text=%E3%80%90IC%E3%80%91Being60%EF%BC%8Csla%E5%85%89%E5%9B%BA%E5%8C%96%E9%9B%BE%E9%80%8F%E5%A4%96%E5%A3%B3%E6%B8%B2%E6%9F%93%EF%BC%88GH60%E5%B0%BA%E5%AF%B8%E7%A3%81%E8%BD%B4%EF%BC%8C%E6%9C%BA%E6%A2%B0%E6%9B%BF%E6%8D%A2%E5%A4%96%E5%A3%B3%EF%BC%89.
2025-03-02 20:04:35 TRACE [DefaultDispatcher-worker-6] i.ktor.client.plugins.HttpPlainText - Adding Accept-Charset=UTF-8 to https://ftapi.pythonanywhere.com/translate?dl=en&text=%E3%80%90IC%E3%80%91Being60%EF%BC%8Csla%E5%85%89%E5%9B%BA%E5%8C%96%E9%9B%BE%E9%80%8F%E5%A4%96%E5%A3%B3%E6%B8%B2%E6%9F%93%EF%BC%88GH60%E5%B0%BA%E5%AF%B8%E7%A3%81%E8%BD%B4%EF%BC%8C%E6%9C%BA%E6%A2%B0%E6%9B%BF%E6%8D%A2%E5%A4%96%E5%A3%B3%EF%BC%89
2025-03-02 20:04:35 INFO  [DefaultDispatcher-worker-9] io.ktor.client.HttpClient - REQUEST: https://ftapi.pythonanywhere.com/translate?dl=en&text=%E3%80%90IC%E3%80%91Being60%EF%BC%8Csla%E5%85%89%E5%9B%BA%E5%8C%96%E9%9B%BE%E9%80%8F%E5%A4%96%E5%A3%B3%E6%B8%B2%E6%9F%93%EF%BC%88GH60%E5%B0%BA%E5%AF%B8%E7%A3%81%E8%BD%B4%EF%BC%8C%E6%9C%BA%E6%A2%B0%E6%9B%BF%E6%8D%A2%E5%A4%96%E5%A3%B3%EF%BC%89
METHOD: HttpMethod(value=GET)
BODY Content-Type: null
BODY START

BODY END
2025-03-02 20:04:37 TRACE [DefaultDispatcher-worker-7] i.k.client.plugins.HttpCallValidator - Validating response for request https://ftapi.pythonanywhere.com/translate?dl=en&text=%E3%80%90IC%E3%80%91Being60%EF%BC%8Csla%E5%85%89%E5%9B%BA%E5%8C%96%E9%9B%BE%E9%80%8F%E5%A4%96%E5%A3%B3%E6%B8%B2%E6%9F%93%EF%BC%88GH60%E5%B0%BA%E5%AF%B8%E7%A3%81%E8%BD%B4%EF%BC%8C%E6%9C%BA%E6%A2%B0%E6%9B%BF%E6%8D%A2%E5%A4%96%E5%A3%B3%EF%BC%89
2025-03-02 20:04:37 TRACE [DefaultDispatcher-worker-7] i.k.c.p.DefaultResponseValidation - Skipping default response validation for https://ftapi.pythonanywhere.com/translate?dl=en&text=%E3%80%90IC%E3%80%91Being60%EF%BC%8Csla%E5%85%89%E5%9B%BA%E5%8C%96%E9%9B%BE%E9%80%8F%E5%A4%96%E5%A3%B3%E6%B8%B2%E6%9F%93%EF%BC%88GH60%E5%B0%BA%E5%AF%B8%E7%A3%81%E8%BD%B4%EF%BC%8C%E6%9C%BA%E6%A2%B0%E6%9B%BF%E6%8D%A2%E5%A4%96%E5%A3%B3%EF%BC%89
2025-03-02 20:04:37 INFO  [DefaultDispatcher-worker-2] io.ktor.client.HttpClient - RESPONSE: 200 OK
METHOD: HttpMethod(value=GET)
FROM: https://ftapi.pythonanywhere.com/translate?dl=en&text=%E3%80%90IC%E3%80%91Being60%EF%BC%8Csla%E5%85%89%E5%9B%BA%E5%8C%96%E9%9B%BE%E9%80%8F%E5%A4%96%E5%A3%B3%E6%B8%B2%E6%9F%93%EF%BC%88GH60%E5%B0%BA%E5%AF%B8%E7%A3%81%E8%BD%B4%EF%BC%8C%E6%9C%BA%E6%A2%B0%E6%9B%BF%E6%8D%A2%E5%A4%96%E5%A3%B3%EF%BC%89
BODY Content-Type: application/json
BODY START
{"source-language": "zh-CN", "source-text": "\u3010IC\u3011Being60\uff0csla\u5149\u56fa\u5316\u96fe\u900f\u5916\u58f3\u6e32\u67d3\uff08GH60\u5c3a\u5bf8\u78c1\u8f74\uff0c\u673a\u68b0\u66ff\u6362\u5916\u58f3\uff09", "destination-language": "en", "destination-text": "\u3010IC\u3011Being60, sla light curing mist-transmissive shell rendering (GH60 size magnetic shaft, mechanical replacement shell)", "pronunciation": {"source-text-phonetic": "[IC]Being60,sla gu\u0101ng g\u00f9hu\u00e0 w\u00f9 t\u00f2u w\u00e0ik\u00e9 xu\u00e0nr\u01cen (GH60 ch\u01d0c\u00f9n c\u00ed zh\u00f3u, j\u012bxi\u00e8 t\u00echu\u00e0n w\u00e0ik\u00e9)", "source-text-audio": "https://translate.google.com/translate_tts?ie=UTF-&&client=tw-ob&tl=zh-CN&q=\u3010IC\u3011Being60\uff0csla\u5149\u56fa\u5316\u96fe\u900f\u5916\u58f3\u6e32\u67d3\uff08GH60\u5c3a\u5bf8\u78c1\u8f74\uff0c\u673a\u68b0\u66ff\u6362\u5916\u58f3\uff09", "destination-text-audio": "https://translate.google.com/translate_tts?ie=UTF-&&client=tw-ob&tl=en&q=\u3010IC\u3011Being60,%20sla%20light%20curing%20mist-transmissive%20shell%20rendering%20(GH60%20size%20magnetic%20shaft,%20mechanical%20replacement%20shell)"}, "translations": {"all-translations": null, "possible-translations": ["\u3010IC\u3011Being60, sla light curing mist-transmissive shell rendering (GH60 size magnetic shaft, mechanical replacement shell)"], "possible-mistakes": ["\u3010IC\u3011<em>Being 60</em>,sla\u5149\u56fa\u5316\u96fe\u900f\u5916\u58f3\u6e32\u67d3(GH60\u5c3a\u5bf8\u78c1\u8f74,\u673a\u68b0\u66ff\u6362\u5916\u58f3)", "\u3010IC\u3011Being 60,sla\u5149\u56fa\u5316\u96fe\u900f\u5916\u58f3\u6e32\u67d3(GH60\u5c3a\u5bf8\u78c1\u8f74,\u673a\u68b0\u66ff\u6362\u5916\u58f3)", [1]]}, "definitions": null, "see-also": null}
BODY END
2025-03-02 20:04:37 TRACE [DefaultDispatcher-worker-7] i.k.c.plugins.defaultTransformers - Transformed with default transformers response body for https://ftapi.pythonanywhere.com/translate?dl=en&text=%E3%80%90IC%E3%80%91Being60%EF%BC%8Csla%E5%85%89%E5%9B%BA%E5%8C%96%E9%9B%BE%E9%80%8F%E5%A4%96%E5%A3%B3%E6%B8%B2%E6%9F%93%EF%BC%88GH60%E5%B0%BA%E5%AF%B8%E7%A3%81%E8%BD%B4%EF%BC%8C%E6%9C%BA%E6%A2%B0%E6%9B%BF%E6%8D%A2%E5%A4%96%E5%A3%B3%EF%BC%89 to class kotlinx.io.Source
2025-03-02 20:04:37 INFO  [DefaultDispatcher-worker-7] c.t.services.ZFrontierCheckerService - 【IC】Being60，sla光固化雾透外壳渲染（GH60尺寸磁轴，机械替换外壳） - https://www.zfrontier.com/app/flow/VZPpXG6kY6xY - 2025.03.02 09:04 UTC+3
2025-03-02 20:04:47 INFO  [DefaultDispatcher-worker-3] c.t.services.ZFrontierCheckerService - Sending media group: MediaGroupRequest(chat_id=@TopreThoc, media=[MediaItem(type=photo, media=https://img.zfrontier.com/post/Fqpsg_r1_8JQNdl4vABc-PC2v14m.jpg-cover360.webp, caption=[ZF] 【IC】Being60, sla light curing mist-transmissive shell rendering (GH60 size magnetic shaft, mechanical replacement shell) - https://www.zfrontier.com/app/flow/VZPpXG6kY6xY), MediaItem(type=photo, media=https://img.zfrontier.com/post/Fg0gJQlq_bayswQ4zb8EMYLR9280.jpg-cover360.webp, caption=)])
2025-03-02 20:04:47 TRACE [DefaultDispatcher-worker-3] i.k.c.p.c.ContentNegotiation - Adding Accept=application header for https://api.telegram.org/bot7806136583:AAFZTO7ufHr6CUasULRAkCosEz-43lnOXnQ/sendMediaGroup
2025-03-02 20:04:47 TRACE [DefaultDispatcher-worker-3] i.k.c.p.c.ContentNegotiation - Adding Accept=application header for https://api.telegram.org/bot7806136583:AAFZTO7ufHr6CUasULRAkCosEz-43lnOXnQ/sendMediaGroup
2025-03-02 20:04:47 TRACE [DefaultDispatcher-worker-3] i.k.c.p.c.ContentNegotiation - Converted request body using io.ktor.serialization.kotlinx.KotlinxSerializationConverter@b5d1ce4 for https://api.telegram.org/bot7806136583:AAFZTO7ufHr6CUasULRAkCosEz-43lnOXnQ/sendMediaGroup
2025-03-02 20:04:47 TRACE [DefaultDispatcher-worker-3] i.ktor.client.plugins.HttpPlainText - Adding Accept-Charset=UTF-8 to https://api.telegram.org/bot7806136583:AAFZTO7ufHr6CUasULRAkCosEz-43lnOXnQ/sendMediaGroup
2025-03-02 20:04:47 TRACE [DefaultDispatcher-worker-3] i.k.c.plugins.defaultTransformers - Transformed with default transformers request body for https://api.telegram.org/bot7806136583:AAFZTO7ufHr6CUasULRAkCosEz-43lnOXnQ/sendMediaGroup from class io.ktor.http.content.TextContent
2025-03-02 20:04:47 INFO  [DefaultDispatcher-worker-1] io.ktor.client.HttpClient - REQUEST: https://api.telegram.org/bot7806136583:AAFZTO7ufHr6CUasULRAkCosEz-43lnOXnQ/sendMediaGroup
METHOD: HttpMethod(value=POST)
BODY Content-Type: application/json
BODY START
{"chat_id":"@TopreThoc","media":[{"type":"photo","media":"https://img.zfrontier.com/post/Fqpsg_r1_8JQNdl4vABc-PC2v14m.jpg-cover360.webp","caption":"[ZF] 【IC】Being60, sla light curing mist-transmissive shell rendering (GH60 size magnetic shaft, mechanical replacement shell) - https://www.zfrontier.com/app/flow/VZPpXG6kY6xY"},{"type":"photo","media":"https://img.zfrontier.com/post/Fg0gJQlq_bayswQ4zb8EMYLR9280.jpg-cover360.webp","caption":""}]}
BODY END
2025-03-02 20:04:48 TRACE [DefaultDispatcher-worker-3] i.k.client.plugins.HttpCallValidator - Validating response for request https://api.telegram.org/bot7806136583:AAFZTO7ufHr6CUasULRAkCosEz-43lnOXnQ/sendMediaGroup
2025-03-02 20:04:48 TRACE [DefaultDispatcher-worker-3] i.k.c.p.DefaultResponseValidation - Skipping default response validation for https://api.telegram.org/bot7806136583:AAFZTO7ufHr6CUasULRAkCosEz-43lnOXnQ/sendMediaGroup
2025-03-02 20:04:48 TRACE [DefaultDispatcher-worker-3] i.k.c.plugins.defaultTransformers - Transformed with default transformers response body for https://api.telegram.org/bot7806136583:AAFZTO7ufHr6CUasULRAkCosEz-43lnOXnQ/sendMediaGroup to class kotlinx.io.Source
2025-03-02 20:04:48 INFO  [DefaultDispatcher-worker-3] c.t.services.ZFrontierCheckerService - Media group response: {"ok":true,"result":[{"message_id":1832,"sender_chat":{"id":-1002295418276,"title":"Thocc News","username":"TopreThoc","type":"channel"},"chat":{"id":-1002295418276,"title":"Thocc News","username":"TopreThoc","type":"channel"},"date":1740935089,"media_group_id":"13927480713444274","photo":[{"file_id":"AgACAgQAAxUHZ8SPsSd9HdX36PpwYbPLZJAY1y0AAle5MRtFLCRSufqzbmu4Z58BAAMCAANzAAM2BA","file_unique_id":"AQADV7kxG0UsJFJ4","file_size":1324,"width":90,"height":56},{"file_id":"AgACAgQAAxUHZ8SPsSd9HdX36PpwYbPLZJAY1y0AAle5MRtFLCRSufqzbmu4Z58BAAMCAANtAAM2BA","file_unique_id":"AQADV7kxG0UsJFJy","file_size":17495,"width":320,"height":200},{"file_id":"AgACAgQAAxUHZ8SPsSd9HdX36PpwYbPLZJAY1y0AAle5MRtFLCRSufqzbmu4Z58BAAMCAAN4AAM2BA","file_unique_id":"AQADV7kxG0UsJFJ9","file_size":20406,"width":360,"height":225}],"caption":"[ZF] \u3010IC\u3011Being60, sla light curing mist-transmissive shell rendering (GH60 size magnetic shaft, mechanical replacement shell) - https://www.zfrontier.com/app/flow/VZPpXG6kY6xY","caption_entities":[{"offset":128,"length":47,"type":"url"}]},{"message_id":1833,"sender_chat":{"id":-1002295418276,"title":"Thocc News","username":"TopreThoc","type":"channel"},"chat":{"id":-1002295418276,"title":"Thocc News","username":"TopreThoc","type":"channel"},"date":1740935089,"media_group_id":"13927480713444274","photo":[{"file_id":"AgACAgQAAxUHZ8SPsb74F9UNmXPwqgtDQOK0cXcAAu-3MRv4OSxSkZsEZ_BYr6IBAAMCAANzAAM2BA","file_unique_id":"AQAD77cxG_g5LFJ4","file_size":902,"width":90,"height":56},{"file_id":"AgACAgQAAxUHZ8SPsb74F9UNmXPwqgtDQOK0cXcAAu-3MRv4OSxSkZsEZ_BYr6IBAAMCAANtAAM2BA","file_unique_id":"AQAD77cxG_g5LFJy","file_size":9646,"width":320,"height":200},{"file_id":"AgACAgQAAxUHZ8SPsb74F9UNmXPwqgtDQOK0cXcAAu-3MRv4OSxSkZsEZ_BYr6IBAAMCAAN4AAM2BA","file_unique_id":"AQAD77cxG_g5LFJ9","file_size":11375,"width":360,"height":225}]}]}
2025-03-02 20:04:48 INFO  [DefaultDispatcher-worker-1] io.ktor.client.HttpClient - RESPONSE: 200 OK
METHOD: HttpMethod(value=POST)
FROM: https://api.telegram.org/bot7806136583:AAFZTO7ufHr6CUasULRAkCosEz-43lnOXnQ/sendMediaGroup
BODY Content-Type: application/json
BODY START
{"ok":true,"result":[{"message_id":1832,"sender_chat":{"id":-1002295418276,"title":"Thocc News","username":"TopreThoc","type":"channel"},"chat":{"id":-1002295418276,"title":"Thocc News","username":"TopreThoc","type":"channel"},"date":1740935089,"media_group_id":"13927480713444274","photo":[{"file_id":"AgACAgQAAxUHZ8SPsSd9HdX36PpwYbPLZJAY1y0AAle5MRtFLCRSufqzbmu4Z58BAAMCAANzAAM2BA","file_unique_id":"AQADV7kxG0UsJFJ4","file_size":1324,"width":90,"height":56},{"file_id":"AgACAgQAAxUHZ8SPsSd9HdX36PpwYbPLZJAY1y0AAle5MRtFLCRSufqzbmu4Z58BAAMCAANtAAM2BA","file_unique_id":"AQADV7kxG0UsJFJy","file_size":17495,"width":320,"height":200},{"file_id":"AgACAgQAAxUHZ8SPsSd9HdX36PpwYbPLZJAY1y0AAle5MRtFLCRSufqzbmu4Z58BAAMCAAN4AAM2BA","file_unique_id":"AQADV7kxG0UsJFJ9","file_size":20406,"width":360,"height":225}],"caption":"[ZF] \u3010IC\u3011Being60, sla light curing mist-transmissive shell rendering (GH60 size magnetic shaft, mechanical replacement shell) - https://www.zfrontier.com/app/flow/VZPpXG6kY6xY","caption_entities":[{"offset":128,"length":47,"type":"url"}]},{"message_id":1833,"sender_chat":{"id":-1002295418276,"title":"Thocc News","username":"TopreThoc","type":"channel"},"chat":{"id":-1002295418276,"title":"Thocc News","username":"TopreThoc","type":"channel"},"date":1740935089,"media_group_id":"13927480713444274","photo":[{"file_id":"AgACAgQAAxUHZ8SPsb74F9UNmXPwqgtDQOK0cXcAAu-3MRv4OSxSkZsEZ_BYr6IBAAMCAANzAAM2BA","file_unique_id":"AQAD77cxG_g5LFJ4","file_size":902,"width":90,"height":56},{"file_id":"AgACAgQAAxUHZ8SPsb74F9UNmXPwqgtDQOK0cXcAAu-3MRv4OSxSkZsEZ_BYr6IBAAMCAANtAAM2BA","file_unique_id":"AQAD77cxG_g5LFJy","file_size":9646,"width":320,"height":200},{"file_id":"AgACAgQAAxUHZ8SPsb74F9UNmXPwqgtDQOK0cXcAAu-3MRv4OSxSkZsEZ_BYr6IBAAMCAAN4AAM2BA","file_unique_id":"AQAD77cxG_g5LFJ9","file_size":11375,"width":360,"height":225}]}]}
BODY END
2025-03-02 20:04:48 DEBUG [DefaultDispatcher-worker-3] org.ktorm.database - SQL: insert into news ("name", originalname, source_id, link, "timestamp") values (?, ?, ?, ?, ?) 
2025-03-02 20:04:48 DEBUG [DefaultDispatcher-worker-3] org.ktorm.database - Parameters: [[ZF]【IC】Being60, sla light curing mist-transmissive shell rendering (GH60 size magnetic shaft, mechanical replacement shell)(text), 【IC】Being60，sla光固化雾透外壳渲染（GH60尺寸磁轴，机械替换外壳）(text), 2(int), https://www.zfrontier.com/app/flow/VZPpXG6kY6xY(text), 2025.03.02 09:04 UTC+3(text)]
2025-03-02 20:04:48 DEBUG [DefaultDispatcher-worker-3] org.ktorm.database - Effects: 1
2025-03-02 20:04:48 DEBUG [DefaultDispatcher-worker-3] org.ktorm.database - Generated Key: 2
2025-03-02 20:04:48 INFO  [DefaultDispatcher-worker-3] com.thocc.services.NewsService - Check DB! News: [ZF]【IC】Being60, sla light curing mist-transmissive shell rendering (GH60 size magnetic shaft, mechanical replacement shell) must appeared
2025-03-02 20:04:48 DEBUG [DefaultDispatcher-worker-3] org.ktorm.database - SQL: select news.id as news_id, news."name" as news_name, news.originalname as news_originalname, news.source_id as news_source_id, news.link as news_link, news."timestamp" as news_timestamp, _ref0.id as _ref0_id, _ref0."name" as _ref0_name from news left join newssource as _ref0 on news.source_id = _ref0.id where (news.originalname = ?) and (news.source_id = ?) limit ? 
2025-03-02 20:04:48 DEBUG [DefaultDispatcher-worker-3] org.ktorm.database - Parameters: [【IC】知更鸟键帽(text), 2(int), 1(int)]
2025-03-02 20:04:48 DEBUG [DefaultDispatcher-worker-3] org.ktorm.database - Results: 0
2025-03-02 20:04:48 DEBUG [DefaultDispatcher-worker-3] org.ktorm.database - SQL: select news.id as news_id, news."name" as news_name, news.originalname as news_originalname, news.source_id as news_source_id, news.link as news_link, news."timestamp" as news_timestamp, _ref0.id as _ref0_id, _ref0."name" as _ref0_name from news left join newssource as _ref0 on news.source_id = _ref0.id where news.link = ? limit ? 
2025-03-02 20:04:48 DEBUG [DefaultDispatcher-worker-3] org.ktorm.database - Parameters: [https://www.zfrontier.com/app/flow/r68BNXRJmyJZ(text), 1(int)]
2025-03-02 20:04:48 DEBUG [DefaultDispatcher-worker-3] org.ktorm.database - Results: 0
2025-03-02 20:04:48 INFO  [DefaultDispatcher-worker-3] c.t.services.ZFrontierCheckerService - passed https://www.zfrontier.com/app/flow/r68BNXRJmyJZ
2025-03-02 20:04:48 TRACE [DefaultDispatcher-worker-3] i.k.c.p.c.ContentNegotiation - Adding Accept=application header for https://ftapi.pythonanywhere.com/translate?dl=en&text=%E3%80%90IC%E3%80%91%E7%9F%A5%E6%9B%B4%E9%B8%9F%E9%94%AE%E5%B8%BD
2025-03-02 20:04:48 TRACE [DefaultDispatcher-worker-3] i.k.c.p.c.ContentNegotiation - Adding Accept=application header for https://ftapi.pythonanywhere.com/translate?dl=en&text=%E3%80%90IC%E3%80%91%E7%9F%A5%E6%9B%B4%E9%B8%9F%E9%94%AE%E5%B8%BD
2025-03-02 20:04:48 TRACE [DefaultDispatcher-worker-3] i.k.c.p.c.ContentNegotiation - Body type class io.ktor.client.utils.EmptyContent is in ignored types. Skipping ContentNegotiation for https://ftapi.pythonanywhere.com/translate?dl=en&text=%E3%80%90IC%E3%80%91%E7%9F%A5%E6%9B%B4%E9%B8%9F%E9%94%AE%E5%B8%BD.
2025-03-02 20:04:48 TRACE [DefaultDispatcher-worker-3] i.ktor.client.plugins.HttpPlainText - Adding Accept-Charset=UTF-8 to https://ftapi.pythonanywhere.com/translate?dl=en&text=%E3%80%90IC%E3%80%91%E7%9F%A5%E6%9B%B4%E9%B8%9F%E9%94%AE%E5%B8%BD
2025-03-02 20:04:48 INFO  [DefaultDispatcher-worker-8] io.ktor.client.HttpClient - REQUEST: https://ftapi.pythonanywhere.com/translate?dl=en&text=%E3%80%90IC%E3%80%91%E7%9F%A5%E6%9B%B4%E9%B8%9F%E9%94%AE%E5%B8%BD
METHOD: HttpMethod(value=GET)
BODY Content-Type: null
BODY START

BODY END
2025-03-02 20:04:49 TRACE [DefaultDispatcher-worker-3] i.k.client.plugins.HttpCallValidator - Validating response for request https://ftapi.pythonanywhere.com/translate?dl=en&text=%E3%80%90IC%E3%80%91%E7%9F%A5%E6%9B%B4%E9%B8%9F%E9%94%AE%E5%B8%BD
2025-03-02 20:04:49 TRACE [DefaultDispatcher-worker-3] i.k.c.p.DefaultResponseValidation - Skipping default response validation for https://ftapi.pythonanywhere.com/translate?dl=en&text=%E3%80%90IC%E3%80%91%E7%9F%A5%E6%9B%B4%E9%B8%9F%E9%94%AE%E5%B8%BD
2025-03-02 20:04:49 INFO  [DefaultDispatcher-worker-2] io.ktor.client.HttpClient - RESPONSE: 200 OK
METHOD: HttpMethod(value=GET)
FROM: https://ftapi.pythonanywhere.com/translate?dl=en&text=%E3%80%90IC%E3%80%91%E7%9F%A5%E6%9B%B4%E9%B8%9F%E9%94%AE%E5%B8%BD
BODY Content-Type: application/json
BODY START
{"source-language": "zh-CN", "source-text": "\u3010IC\u3011\u77e5\u66f4\u9e1f\u952e\u5e3d", "destination-language": "en", "destination-text": "\u3010IC\u3011Robin keycap", "pronunciation": {"source-text-phonetic": "[IC] zh\u012b g\u0113ng ni\u01ceo ji\u00e0n m\u00e0o", "source-text-audio": "https://translate.google.com/translate_tts?ie=UTF-&&client=tw-ob&tl=zh-CN&q=\u3010IC\u3011\u77e5\u66f4\u9e1f\u952e\u5e3d", "destination-text-audio": "https://translate.google.com/translate_tts?ie=UTF-&&client=tw-ob&tl=en&q=\u3010IC\u3011Robin%20keycap"}, "translations": {"all-translations": null, "possible-translations": ["\u3010IC\u3011Robin keycap"], "possible-mistakes": null}, "definitions": null, "see-also": null}
BODY END
2025-03-02 20:04:49 TRACE [DefaultDispatcher-worker-3] i.k.c.plugins.defaultTransformers - Transformed with default transformers response body for https://ftapi.pythonanywhere.com/translate?dl=en&text=%E3%80%90IC%E3%80%91%E7%9F%A5%E6%9B%B4%E9%B8%9F%E9%94%AE%E5%B8%BD to class kotlinx.io.Source
2025-03-02 20:04:49 INFO  [DefaultDispatcher-worker-3] c.t.services.ZFrontierCheckerService - 【IC】知更鸟键帽 - https://www.zfrontier.com/app/flow/r68BNXRJmyJZ - 2025.03.02 06:04 UTC+3
2025-03-02 20:04:59 INFO  [DefaultDispatcher-worker-10] c.t.services.ZFrontierCheckerService - Sending media group: MediaGroupRequest(chat_id=@TopreThoc, media=[MediaItem(type=photo, media=https://img.zfrontier.com/post/Forb_2i7CZ9FX8ZZsRlc03ZQ5vAa.jpg-cover360.webp, caption=[ZF] 【IC】Robin keycap - https://www.zfrontier.com/app/flow/r68BNXRJmyJZ), MediaItem(type=photo, media=https://img.zfrontier.com/post/FvvbN7r9_UDBodNcbamBvsiRTM1W.jpg-cover360.webp, caption=), MediaItem(type=photo, media=https://img.zfrontier.com/post/Fq0bVjC4nWNk8PUcMrYQAtTXmYiQ.jpg-cover360.webp, caption=)])
2025-03-02 20:04:59 TRACE [DefaultDispatcher-worker-10] i.k.c.p.c.ContentNegotiation - Adding Accept=application header for https://api.telegram.org/bot7806136583:AAFZTO7ufHr6CUasULRAkCosEz-43lnOXnQ/sendMediaGroup
2025-03-02 20:04:59 TRACE [DefaultDispatcher-worker-10] i.k.c.p.c.ContentNegotiation - Adding Accept=application header for https://api.telegram.org/bot7806136583:AAFZTO7ufHr6CUasULRAkCosEz-43lnOXnQ/sendMediaGroup
2025-03-02 20:04:59 TRACE [DefaultDispatcher-worker-10] i.k.c.p.c.ContentNegotiation - Converted request body using io.ktor.serialization.kotlinx.KotlinxSerializationConverter@b5d1ce4 for https://api.telegram.org/bot7806136583:AAFZTO7ufHr6CUasULRAkCosEz-43lnOXnQ/sendMediaGroup
2025-03-02 20:04:59 TRACE [DefaultDispatcher-worker-10] i.ktor.client.plugins.HttpPlainText - Adding Accept-Charset=UTF-8 to https://api.telegram.org/bot7806136583:AAFZTO7ufHr6CUasULRAkCosEz-43lnOXnQ/sendMediaGroup
2025-03-02 20:04:59 TRACE [DefaultDispatcher-worker-10] i.k.c.plugins.defaultTransformers - Transformed with default transformers request body for https://api.telegram.org/bot7806136583:AAFZTO7ufHr6CUasULRAkCosEz-43lnOXnQ/sendMediaGroup from class io.ktor.http.content.TextContent
2025-03-02 20:04:59 INFO  [DefaultDispatcher-worker-9] io.ktor.client.HttpClient - REQUEST: https://api.telegram.org/bot7806136583:AAFZTO7ufHr6CUasULRAkCosEz-43lnOXnQ/sendMediaGroup
METHOD: HttpMethod(value=POST)
BODY Content-Type: application/json
BODY START
{"chat_id":"@TopreThoc","media":[{"type":"photo","media":"https://img.zfrontier.com/post/Forb_2i7CZ9FX8ZZsRlc03ZQ5vAa.jpg-cover360.webp","caption":"[ZF] 【IC】Robin keycap - https://www.zfrontier.com/app/flow/r68BNXRJmyJZ"},{"type":"photo","media":"https://img.zfrontier.com/post/FvvbN7r9_UDBodNcbamBvsiRTM1W.jpg-cover360.webp","caption":""},{"type":"photo","media":"https://img.zfrontier.com/post/Fq0bVjC4nWNk8PUcMrYQAtTXmYiQ.jpg-cover360.webp","caption":""}]}
BODY END
