2025-01-26 18:37:16 INFO  [DefaultDispatcher-worker-1] c.t.services.ZFrontierCheckerService - zf page loaded!
2025-01-26 18:37:16 INFO  [DefaultDispatcher-worker-1] c.t.services.ZFrontierCheckerService - navigating to google.com
2025-01-26 18:37:19 INFO  [DefaultDispatcher-worker-1] c.t.services.ZFrontierCheckerService - main function receiver answer from ZF
2025-01-26 18:37:19 DEBUG [DefaultDispatcher-worker-1] org.ktorm.database - SQL: select news.id as news_id, news."name" as news_name, news.originalname as news_originalname, news.source_id as news_source_id, news.link as news_link, news."timestamp" as news_timestamp, _ref0.id as _ref0_id, _ref0."name" as _ref0_name from news left join newssource as _ref0 on news.source_id = _ref0.id where (news.originalname = ?) and (news.source_id = ?) limit ? 
2025-01-26 18:37:19 DEBUG [DefaultDispatcher-worker-1] org.ktorm.database - Parameters: [【IC】machete系列出新啦！(text), 2(int), 1(int)]
2025-01-26 18:37:20 DEBUG [DefaultDispatcher-worker-1] org.ktorm.database - Results: 1
2025-01-26 18:37:20 TRACE [DefaultDispatcher-worker-1] org.ktorm.database - Entity: News(id=481, name=[ZF]【IC】The machete series is new!, originalName=【IC】machete系列出新啦！, sourceId=NewsSourceEntity(id=2, name=ZF), link=https://www.zfrontier.com/app/flow/lnnRRmkXJw8B, timestamp=2025.01.26 16:27 UTC+3)
2025-01-26 18:37:20 DEBUG [DefaultDispatcher-worker-1] org.ktorm.database - SQL: select news.id as news_id, news."name" as news_name, news.originalname as news_originalname, news.source_id as news_source_id, news.link as news_link, news."timestamp" as news_timestamp, _ref0.id as _ref0_id, _ref0."name" as _ref0_name from news left join newssource as _ref0 on news.source_id = _ref0.id where (news.originalname = ?) and (news.source_id = ?) limit ? 
2025-01-26 18:37:20 DEBUG [DefaultDispatcher-worker-1] org.ktorm.database - Parameters: [【GB】 新春键帽(text), 2(int), 1(int)]
2025-01-26 18:37:20 DEBUG [DefaultDispatcher-worker-1] org.ktorm.database - Results: 1
2025-01-26 18:37:20 TRACE [DefaultDispatcher-worker-1] org.ktorm.database - Entity: News(id=482, name=[ZF]【GB】 New Year keycap, originalName=【GB】 新春键帽, sourceId=NewsSourceEntity(id=2, name=ZF), link=https://www.zfrontier.com/app/flow/yQLOKkEagalB, timestamp=2025.01.26 14:27 UTC+3)
2025-01-26 18:37:20 DEBUG [DefaultDispatcher-worker-1] org.ktorm.database - SQL: select news.id as news_id, news."name" as news_name, news.originalname as news_originalname, news.source_id as news_source_id, news.link as news_link, news."timestamp" as news_timestamp, _ref0.id as _ref0_id, _ref0."name" as _ref0_name from news left join newssource as _ref0 on news.source_id = _ref0.id where (news.originalname = ?) and (news.source_id = ?) limit ? 
2025-01-26 18:37:20 DEBUG [DefaultDispatcher-worker-1] org.ktorm.database - Parameters: [【已成团现货129元！】BanG Dream Ave Mujica(text), 2(int), 1(int)]
2025-01-26 18:37:21 DEBUG [DefaultDispatcher-worker-1] org.ktorm.database - Results: 1
2025-01-26 18:37:21 TRACE [DefaultDispatcher-worker-1] org.ktorm.database - Entity: News(id=478, name=[ZF][In stock now for 129 yuan in a group! 】BanG Dream Ave Mujica, originalName=【已成团现货129元！】BanG Dream Ave Mujica, sourceId=NewsSourceEntity(id=2, name=ZF), link=https://www.zfrontier.com/app/flow/EPRgn39WpOZo, timestamp=2025.01.26 16:53 UTC+3)
2025-01-26 18:37:21 DEBUG [DefaultDispatcher-worker-1] org.ktorm.database - SQL: select news.id as news_id, news."name" as news_name, news.originalname as news_originalname, news.source_id as news_source_id, news.link as news_link, news."timestamp" as news_timestamp, _ref0.id as _ref0_id, _ref0."name" as _ref0_name from news left join newssource as _ref0 on news.source_id = _ref0.id where (news.originalname = ?) and (news.source_id = ?) limit ? 
2025-01-26 18:37:21 DEBUG [DefaultDispatcher-worker-1] org.ktorm.database - Parameters: [【现货】Loerent Studio《圣托里尼的猫》键帽套装(text), 2(int), 1(int)]
2025-01-26 18:37:21 DEBUG [DefaultDispatcher-worker-1] org.ktorm.database - Results: 1
2025-01-26 18:37:21 TRACE [DefaultDispatcher-worker-1] org.ktorm.database - Entity: News(id=479, name=[ZF][In stock] Loerent Studio "Cats of Santorini" keycap set, originalName=【现货】Loerent Studio《圣托里尼的猫》键帽套装, sourceId=NewsSourceEntity(id=2, name=ZF), link=https://www.zfrontier.com/app/flow/jxl0KLp69Yod, timestamp=2025.01.26 04:53 UTC+3)
2025-01-26 18:37:21 DEBUG [DefaultDispatcher-worker-1] org.ktorm.database - SQL: select news.id as news_id, news."name" as news_name, news.originalname as news_originalname, news.source_id as news_source_id, news.link as news_link, news."timestamp" as news_timestamp, _ref0.id as _ref0_id, _ref0."name" as _ref0_name from news left join newssource as _ref0 on news.source_id = _ref0.id where (news.originalname = ?) and (news.source_id = ?) limit ? 
2025-01-26 18:37:21 DEBUG [DefaultDispatcher-worker-1] org.ktorm.database - Parameters: [Taka60快拆铝壳 现货GB!(text), 2(int), 1(int)]
2025-01-26 18:37:21 DEBUG [DefaultDispatcher-worker-1] org.ktorm.database - Results: 1
2025-01-26 18:37:21 TRACE [DefaultDispatcher-worker-1] org.ktorm.database - Entity: News(id=480, name=[ZF]TAKA60 fast disassembly aluminum shell spot GB!, originalName=Taka60快拆铝壳 现货GB!, sourceId=NewsSourceEntity(id=2, name=ZF), link=https://www.zfrontier.com/app/flow/YOxJMZ8rZ5X6, timestamp=2025.01.26 04:54 UTC+3)
2025-01-26 18:37:21 DEBUG [DefaultDispatcher-worker-1] org.ktorm.database - SQL: select news.id as news_id, news."name" as news_name, news.originalname as news_originalname, news.source_id as news_source_id, news.link as news_link, news."timestamp" as news_timestamp, _ref0.id as _ref0_id, _ref0."name" as _ref0_name from news left join newssource as _ref0 on news.source_id = _ref0.id where (news.originalname = ?) and (news.source_id = ?) limit ? 
2025-01-26 18:37:21 DEBUG [DefaultDispatcher-worker-1] org.ktorm.database - Parameters: [【GB】J75(text), 2(int), 1(int)]
2025-01-26 18:37:22 DEBUG [DefaultDispatcher-worker-1] org.ktorm.database - Results: 1
2025-01-26 18:37:22 TRACE [DefaultDispatcher-worker-1] org.ktorm.database - Entity: News(id=477, name=[ZF]【GB】J75, originalName=【GB】J75, sourceId=NewsSourceEntity(id=2, name=ZF), link=https://www.zfrontier.com/app/flow/1qrg7q6QvB85, timestamp=2025.01.25 13:40 UTC+3)
2025-01-26 18:37:22 DEBUG [DefaultDispatcher-worker-1] org.ktorm.database - SQL: select news.id as news_id, news."name" as news_name, news.originalname as news_originalname, news.source_id as news_source_id, news.link as news_link, news."timestamp" as news_timestamp, _ref0.id as _ref0_id, _ref0."name" as _ref0_name from news left join newssource as _ref0 on news.source_id = _ref0.id where (news.originalname = ?) and (news.source_id = ?) limit ? 
2025-01-26 18:37:22 DEBUG [DefaultDispatcher-worker-1] org.ktorm.database - Parameters: [[现货]NewRetro66v2 C&B(text), 2(int), 1(int)]
2025-01-26 18:37:22 DEBUG [DefaultDispatcher-worker-1] org.ktorm.database - Results: 1
2025-01-26 18:37:22 TRACE [DefaultDispatcher-worker-1] org.ktorm.database - Entity: News(id=472, name=[ZF][Spot] Newretro66V2 C & B, originalName=[现货]NewRetro66v2 C&B, sourceId=NewsSourceEntity(id=2, name=ZF), link=https://www.zfrontier.com/app/flow/lJYG8WwqEXWa, timestamp=2025.01.25 19:22 UTC+3)
2025-01-26 18:37:22 DEBUG [DefaultDispatcher-worker-1] org.ktorm.database - SQL: select news.id as news_id, news."name" as news_name, news.originalname as news_originalname, news.source_id as news_source_id, news.link as news_link, news."timestamp" as news_timestamp, _ref0.id as _ref0_id, _ref0."name" as _ref0_name from news left join newssource as _ref0 on news.source_id = _ref0.id where (news.originalname = ?) and (news.source_id = ?) limit ? 
2025-01-26 18:37:22 DEBUG [DefaultDispatcher-worker-1] org.ktorm.database - Parameters: [【预热】DBL-75(text), 2(int), 1(int)]
2025-01-26 18:37:22 DEBUG [DefaultDispatcher-worker-1] org.ktorm.database - Results: 1
2025-01-26 18:37:22 TRACE [DefaultDispatcher-worker-1] org.ktorm.database - Entity: News(id=473, name=[ZF][Preheated] DBL-75, originalName=【预热】DBL-75, sourceId=NewsSourceEntity(id=2, name=ZF), link=https://www.zfrontier.com/app/flow/9z8LyZV5PyMq, timestamp=2025.01.25 11:22 UTC+3)
2025-01-26 18:37:22 DEBUG [DefaultDispatcher-worker-1] org.ktorm.database - SQL: select news.id as news_id, news."name" as news_name, news.originalname as news_originalname, news.source_id as news_source_id, news.link as news_link, news."timestamp" as news_timestamp, _ref0.id as _ref0_id, _ref0."name" as _ref0_name from news left join newssource as _ref0 on news.source_id = _ref0.id where (news.originalname = ?) and (news.source_id = ?) limit ? 
2025-01-26 18:37:22 DEBUG [DefaultDispatcher-worker-1] org.ktorm.database - Parameters: [THOK Hello World Space bar 625u 7u金属键帽(text), 2(int), 1(int)]
2025-01-26 18:37:23 DEBUG [DefaultDispatcher-worker-1] org.ktorm.database - Results: 1
2025-01-26 18:37:23 TRACE [DefaultDispatcher-worker-1] org.ktorm.database - Entity: News(id=474, name=[ZF]Thok Hello World Space Bar 625U 7U metal keycap, originalName=THOK Hello World Space bar 625u 7u金属键帽, sourceId=NewsSourceEntity(id=2, name=ZF), link=https://www.zfrontier.com/app/flow/37qG5KANGZ9L, timestamp=2025.01.25 14:22 UTC+3)
2025-01-26 18:37:23 DEBUG [DefaultDispatcher-worker-1] org.ktorm.database - SQL: select news.id as news_id, news."name" as news_name, news.originalname as news_originalname, news.source_id as news_source_id, news.link as news_link, news."timestamp" as news_timestamp, _ref0.id as _ref0_id, _ref0."name" as _ref0_name from news left join newssource as _ref0 on news.source_id = _ref0.id where (news.originalname = ?) and (news.source_id = ?) limit ? 
2025-01-26 18:37:23 DEBUG [DefaultDispatcher-worker-1] org.ktorm.database - Parameters: [【GB】忘记IC直接GB！肥皂75来辣！(text), 2(int), 1(int)]
2025-01-26 18:37:23 DEBUG [DefaultDispatcher-worker-1] org.ktorm.database - Results: 1
2025-01-26 18:37:23 TRACE [DefaultDispatcher-worker-1] org.ktorm.database - Entity: News(id=475, name=[ZF][GB] Forget IC directly GB! Soap 75 is spicy!, originalName=【GB】忘记IC直接GB！肥皂75来辣！, sourceId=NewsSourceEntity(id=2, name=ZF), link=https://www.zfrontier.com/app/flow/71Wn7YmZvYk3, timestamp=2025.01.25 15:23 UTC+3)
2025-01-26 18:37:23 DEBUG [DefaultDispatcher-worker-1] org.ktorm.database - SQL: select news.id as news_id, news."name" as news_name, news.originalname as news_originalname, news.source_id as news_source_id, news.link as news_link, news."timestamp" as news_timestamp, _ref0.id as _ref0_id, _ref0."name" as _ref0_name from news left join newssource as _ref0 on news.source_id = _ref0.id where (news.originalname = ?) and (news.source_id = ?) limit ? 
2025-01-26 18:37:23 DEBUG [DefaultDispatcher-worker-1] org.ktorm.database - Parameters: [52 dactyI Pro热插拔无线曲面分体键盘(text), 2(int), 1(int)]
2025-01-26 18:37:23 DEBUG [DefaultDispatcher-worker-1] org.ktorm.database - Results: 1
2025-01-26 18:37:23 TRACE [DefaultDispatcher-worker-1] org.ktorm.database - Entity: News(id=476, name=[ZF]52 DACTYI Pro hot plug -in wireless curved surface keyboard, originalName=52 dactyI Pro热插拔无线曲面分体键盘, sourceId=NewsSourceEntity(id=2, name=ZF), link=https://www.zfrontier.com/app/flow/xJZ3bjBN3rA9, timestamp=2025.01.25 12:23 UTC+3)
2025-01-26 18:37:23 DEBUG [DefaultDispatcher-worker-1] org.ktorm.database - SQL: select news.id as news_id, news."name" as news_name, news.originalname as news_originalname, news.source_id as news_source_id, news.link as news_link, news."timestamp" as news_timestamp, _ref0.id as _ref0_id, _ref0."name" as _ref0_name from news left join newssource as _ref0 on news.source_id = _ref0.id where (news.originalname = ?) and (news.source_id = ?) limit ? 
2025-01-26 18:37:23 DEBUG [DefaultDispatcher-worker-1] org.ktorm.database - Parameters: [【IC】摩尔条纹-Moire fringe |2色可选|复古极简(text), 2(int), 1(int)]
2025-01-26 18:37:23 DEBUG [DefaultDispatcher-worker-1] org.ktorm.database - Results: 1
2025-01-26 18:37:23 TRACE [DefaultDispatcher-worker-1] org.ktorm.database - Entity: News(id=471, name=[ZF][IC] Moore stripes-Moire Fringe | 2 color options | retro minimalist, originalName=【IC】摩尔条纹-Moire fringe |2色可选|复古极简, sourceId=NewsSourceEntity(id=2, name=ZF), link=https://www.zfrontier.com/app/flow/NGjQWJojO6YX, timestamp=2025.01.24 08:27 UTC+3)
2025-01-26 18:37:23 DEBUG [DefaultDispatcher-worker-1] org.ktorm.database - SQL: select news.id as news_id, news."name" as news_name, news.originalname as news_originalname, news.source_id as news_source_id, news.link as news_link, news."timestamp" as news_timestamp, _ref0.id as _ref0_id, _ref0."name" as _ref0_name from news left join newssource as _ref0 on news.source_id = _ref0.id where (news.originalname = ?) and (news.source_id = ?) limit ? 
2025-01-26 18:37:23 DEBUG [DefaultDispatcher-worker-1] org.ktorm.database - Parameters: [【截团提醒】The Base 75 + 将于今晚截团！(text), 2(int), 1(int)]
2025-01-26 18:37:24 DEBUG [DefaultDispatcher-worker-1] org.ktorm.database - Results: 1
2025-01-26 18:37:24 TRACE [DefaultDispatcher-worker-1] org.ktorm.database - Entity: News(id=470, name=[ZF][Reminder from the group] The Base 75+ will be intercepted tonight!, originalName=【截团提醒】The Base 75 + 将于今晚截团！, sourceId=NewsSourceEntity(id=2, name=ZF), link=https://www.zfrontier.com/app/flow/WNVLBE3PKyqN, timestamp=2025.01.24 05:25 UTC+3)
2025-01-26 18:37:24 DEBUG [DefaultDispatcher-worker-1] org.ktorm.database - SQL: select news.id as news_id, news."name" as news_name, news.originalname as news_originalname, news.source_id as news_source_id, news.link as news_link, news."timestamp" as news_timestamp, _ref0.id as _ref0_id, _ref0."name" as _ref0_name from news left join newssource as _ref0 on news.source_id = _ref0.id where (news.originalname = ?) and (news.source_id = ?) limit ? 
2025-01-26 18:37:24 DEBUG [DefaultDispatcher-worker-1] org.ktorm.database - Parameters: [[截团提醒]Shinobu Kocho 蝴蝶少女早鸟团将在今晚12点截团(text), 2(int), 1(int)]
2025-01-26 18:37:25 DEBUG [DefaultDispatcher-worker-1] org.ktorm.database - Results: 1
2025-01-26 18:37:25 TRACE [DefaultDispatcher-worker-1] org.ktorm.database - Entity: News(id=464, name=[ZF][Tour cutoff reminder] Shinobu Kocho Butterfly Girls early bird tour will end at 12pm tonight, originalName=[截团提醒]Shinobu Kocho 蝴蝶少女早鸟团将在今晚12点截团, sourceId=NewsSourceEntity(id=2, name=ZF), link=https://www.zfrontier.com/app/flow/pvKKoQKoYVyR, timestamp=2025.01.23 12:51 UTC+3)
2025-01-26 18:37:25 DEBUG [DefaultDispatcher-worker-1] org.ktorm.database - SQL: select news.id as news_id, news."name" as news_name, news.originalname as news_originalname, news.source_id as news_source_id, news.link as news_link, news."timestamp" as news_timestamp, _ref0.id as _ref0_id, _ref0."name" as _ref0_name from news left join newssource as _ref0 on news.source_id = _ref0.id where (news.originalname = ?) and (news.source_id = ?) limit ? 
2025-01-26 18:37:25 DEBUG [DefaultDispatcher-worker-1] org.ktorm.database - Parameters: [「分享」拼装大师键帽 现货销售中 春节不打烊&博主实拍(text), 2(int), 1(int)]
2025-01-26 18:37:25 DEBUG [DefaultDispatcher-worker-1] org.ktorm.database - Results: 1
2025-01-26 18:37:25 TRACE [DefaultDispatcher-worker-1] org.ktorm.database - Entity: News(id=465, name=[ZF]"Share" Assembling Master keycaps are now on sale. We are not closed during the Spring Festival & bloggers take real photos., originalName=「分享」拼装大师键帽 现货销售中 春节不打烊&博主实拍, sourceId=NewsSourceEntity(id=2, name=ZF), link=https://www.zfrontier.com/app/flow/VP3bv9VvKVJY, timestamp=2025.01.23 10:51 UTC+3)
2025-01-26 18:37:25 DEBUG [DefaultDispatcher-worker-1] org.ktorm.database - SQL: select news.id as news_id, news."name" as news_name, news.originalname as news_originalname, news.source_id as news_source_id, news.link as news_link, news."timestamp" as news_timestamp, _ref0.id as _ref0_id, _ref0."name" as _ref0_name from news left join newssource as _ref0 on news.source_id = _ref0.id where (news.originalname = ?) and (news.source_id = ?) limit ? 
2025-01-26 18:37:25 DEBUG [DefaultDispatcher-worker-1] org.ktorm.database - Parameters: [【IC】AM Infinity Mouse 情报公开（1月22）(text), 2(int), 1(int)]
2025-01-26 18:37:25 DEBUG [DefaultDispatcher-worker-1] org.ktorm.database - Results: 1
2025-01-26 18:37:25 TRACE [DefaultDispatcher-worker-1] org.ktorm.database - Entity: News(id=466, name=[ZF]【IC】AM Infinity Mouse information released (January 22), originalName=【IC】AM Infinity Mouse 情报公开（1月22）, sourceId=NewsSourceEntity(id=2, name=ZF), link=https://www.zfrontier.com/app/flow/6jyRa1EV50vm, timestamp=2025.01.23 09:52 UTC+3)
2025-01-26 18:37:25 INFO  [DefaultDispatcher-worker-1] c.t.services.ZFrontierCheckerService - job done, waiting for 2 hours
